ehci_caps_read(0x555559744eb0, 0x0, 1)
ehci_caps_write(0x555559744eb0, 0x0, 0x0, 1)
ehci_opreg_read(0x555559744eb0, 0x0, 1)
ehci_opreg_write(0x555559744eb0, 0x0, 0x0, 1)
ehci_port_read(0x555559744eb0, 0x0, 1)
ehci_port_write(0x555559744eb0, 0x0, 0x0, 1)
ehci_caps_read(0x555559744eb0, 0x0, 1)
ehci_caps_write(0x555559744eb0, 0x0, 0x0, 1)
ehci_opreg_read(0x555559744eb0, 0x0, 1)
ehci_opreg_write(0x555559744eb0, 0x0, 0x0, 1)
ehci_port_read(0x555559744eb0, 0x0, 1)
ehci_port_write(0x555559744eb0, 0x0, 0x0, 1)
ehci_caps_read(0x555559744eb0, 0x0, 1)
ehci_caps_write(0x555559744eb0, 0x0, 0x0, 1)
ehci_opreg_read(0x555559744eb0, 0x0, 1)
ehci_opreg_write(0x555559744eb0, 0x0, 0x0, 1)
ehci_port_read(0x555559744eb0, 0x0, 1)
ehci_port_write(0x555559744eb0, 0x0, 0x0, 1)
ehci_caps_read(0x555559744eb0, 0x0, 1)
ehci_caps_write(0x555559744eb0, 0x0, 0x0, 1)
ehci_opreg_read(0x555559744eb0, 0x0, 1)
ehci_opreg_write(0x555559744eb0, 0x0, 0x0, 1)
ehci_port_read(0x555559744eb0, 0x0, 1)
ehci_port_write(0x555559744eb0, 0x0, 0x0, 1)
ehci_caps_read(0x555559744eb0, 0x0, 1)
ehci_caps_write(0x555559744eb0, 0x0, 0x0, 1)
ehci_opreg_read(0x555559744eb0, 0x0, 1)
ehci_opreg_write(0x555559744eb0, 0x0, 0x0, 1)
ehci_port_read(0x555559744eb0, 0x0, 1)
ehci_port_write(0x555559744eb0, 0x0, 0x0, 1)
ehci_caps_read(0x555559744eb0, 0x0, 1)
ehci_caps_write(0x555559744eb0, 0x0, 0x0, 1)
ehci_opreg_read(0x555559744eb0, 0x0, 1)
ehci_opreg_write(0x555559744eb0, 0x0, 0x0, 1)
ehci_port_read(0x555559744eb0, 0x0, 1)
ehci_port_write(0x555559744eb0, 0x0, 0x0, 1)
ehci_caps_read(0x555559744eb0, 0x0, 1)
ehci_caps_write(0x555559744eb0, 0x0, 0x0, 1)
ehci_opreg_read(0x555559744eb0, 0x0, 1)
ehci_opreg_write(0x555559744eb0, 0x0, 0x0, 1)
ehci_port_read(0x555559744eb0, 0x0, 1)
ehci_port_write(0x555559744eb0, 0x0, 0x0, 1)
ehci_caps_read(0x555559744eb0, 0x0, 1)
ehci_caps_write(0x555559744eb0, 0x0, 0x0, 1)
ehci_opreg_read(0x555559744eb0, 0x0, 1)
ehci_opreg_write(0x555559744eb0, 0x0, 0x0, 1)
ehci_port_read(0x555559744eb0, 0x0, 1)
ehci_port_write(0x555559744eb0, 0x0, 0x0, 1)
ehci_caps_read(0x555559744eb0, 0x0, 1)
ehci_caps_write(0x555559744eb0, 0x0, 0x0, 1)
ehci_opreg_read(0x555559744eb0, 0x0, 1)
ehci_opreg_write(0x555559744eb0, 0x0, 0x0, 1)
ehci_port_read(0x555559744eb0, 0x0, 1)
ehci_port_write(0x555559744eb0, 0x0, 0x0, 1)
ehci_caps_read(0x555559744eb0, 0x0, 1)
ehci_caps_write(0x555559744eb0, 0x0, 0x0, 1)
ehci_opreg_read(0x555559744eb0, 0x0, 1)
ehci_opreg_write(0x555559744eb0, 0x0, 0x0, 1)
ehci_port_read(0x555559744eb0, 0x0, 1)
ehci_port_write(0x555559744eb0, 0x0, 0x0, 1)
ehci_caps_read(0x555559744eb0, 0x0, 1)
ehci_caps_write(0x555559744eb0, 0x0, 0x0, 1)
ehci_opreg_read(0x555559744eb0, 0x0, 1)
ehci_opreg_write(0x555559744eb0, 0x0, 0x0, 1)
ehci_port_read(0x555559744eb0, 0x0, 1)
ehci_port_write(0x555559744eb0, 0x0, 0x0, 1)
ehci_caps_read(0x555559744eb0, 0x0, 1)
ehci_caps_write(0x555559744eb0, 0x0, 0x0, 1)
ehci_opreg_read(0x555559744eb0, 0x0, 1)
ehci_opreg_write(0x555559744eb0, 0x0, 0x0, 1)
ehci_port_read(0x555559744eb0, 0x0, 1)
ehci_port_write(0x555559744eb0, 0x0, 0x0, 1)
ehci_caps_read(0x555559744eb0, 0x0, 1)
ehci_caps_write(0x555559744eb0, 0x0, 0x0, 1)
ehci_opreg_read(0x555559744eb0, 0x0, 1)
ehci_opreg_write(0x555559744eb0, 0x0, 0x0, 1)
ehci_port_read(0x555559744eb0, 0x0, 1)
ehci_port_write(0x555559744eb0, 0x0, 0x0, 1)
ehci_caps_read(0x555559744eb0, 0x0, 1)
ehci_caps_write(0x555559744eb0, 0x0, 0x0, 1)
ehci_opreg_read(0x555559744eb0, 0x0, 1)
ehci_opreg_write(0x555559744eb0, 0x0, 0x0, 1)
ehci_port_read(0x555559744eb0, 0x0, 1)
ehci_port_write(0x555559744eb0, 0x0, 0x0, 1)
ehci_caps_read(0x555559744eb0, 0x0, 1)
ehci_caps_write(0x555559744eb0, 0x0, 0x0, 1)
ehci_opreg_read(0x555559744eb0, 0x0, 1)
ehci_opreg_write(0x555559744eb0, 0x0, 0x0, 1)
ehci_port_read(0x555559744eb0, 0x0, 1)
ehci_port_write(0x555559744eb0, 0x0, 0x0, 1)
ehci_caps_read(0x555559744eb0, 0x0, 1)
ehci_caps_write(0x555559744eb0, 0x0, 0x0, 1)
ehci_opreg_read(0x555559744eb0, 0x0, 1)
ehci_opreg_write(0x555559744eb0, 0x0, 0x0, 1)
ehci_port_read(0x555559744eb0, 0x0, 1)
ehci_port_write(0x555559744eb0, 0x0, 0x0, 1)
ehci_caps_read(0x555559744eb0, 0x0, 1)
ehci_caps_write(0x555559744eb0, 0x0, 0x0, 1)
ehci_opreg_read(0x555559744eb0, 0x0, 1)
ehci_opreg_write(0x555559744eb0, 0x0, 0x0, 1)
ehci_port_read(0x555559744eb0, 0x0, 1)
ehci_port_write(0x555559744eb0, 0x0, 0x0, 1)
ehci_caps_read(0x555559744eb0, 0x0, 1)
ehci_caps_write(0x555559744eb0, 0x0, 0x0, 1)
ehci_opreg_read(0x555559744eb0, 0x0, 1)
ehci_opreg_write(0x555559744eb0, 0x0, 0x0, 1)
ehci_port_read(0x555559744eb0, 0x0, 1)
ehci_port_write(0x555559744eb0, 0x0, 0x0, 1)
ehci_caps_read(0x555559744eb0, 0x0, 1)
ehci_caps_write(0x555559744eb0, 0x0, 0x0, 1)
ehci_opreg_read(0x555559744eb0, 0x0, 1)
ehci_opreg_write(0x555559744eb0, 0x0, 0x0, 1)
ehci_port_read(0x555559744eb0, 0x0, 1)
ehci_port_write(0x555559744eb0, 0x0, 0x0, 1)
ehci_caps_read(0x555559744eb0, 0x0, 1)
ehci_caps_write(0x555559744eb0, 0x0, 0x0, 1)
ehci_opreg_read(0x555559744eb0, 0x0, 1)
ehci_opreg_write(0x555559744eb0, 0x0, 0x0, 1)
ehci_port_read(0x555559744eb0, 0x0, 1)
ehci_port_write(0x555559744eb0, 0x0, 0x0, 1)
ehci_caps_read(0x555559744eb0, 0x0, 1)
ehci_caps_write(0x555559744eb0, 0x0, 0x0, 1)
ehci_opreg_read(0x555559744eb0, 0x0, 1)
ehci_opreg_write(0x555559744eb0, 0x0, 0x0, 1)
ehci_port_read(0x555559744eb0, 0x0, 1)
ehci_port_write(0x555559744eb0, 0x0, 0x0, 1)
ehci_caps_read(0x555559744eb0, 0x0, 1)
ehci_caps_write(0x555559744eb0, 0x0, 0x0, 1)
ehci_opreg_read(0x555559744eb0, 0x0, 1)
ehci_opreg_write(0x555559744eb0, 0x0, 0x0, 1)
ehci_port_read(0x555559744eb0, 0x0, 1)
ehci_port_write(0x555559744eb0, 0x0, 0x0, 1)
ehci_caps_read(0x555559744eb0, 0x0, 1)
ehci_caps_write(0x555559744eb0, 0x0, 0x0, 1)
ehci_opreg_read(0x555559744eb0, 0x0, 1)
ehci_opreg_write(0x555559744eb0, 0x0, 0x0, 1)
ehci_port_read(0x555559744eb0, 0x0, 1)
ehci_port_write(0x555559744eb0, 0x0, 0x0, 1)
ehci_caps_read(0x555559744eb0, 0x0, 1)
ehci_caps_write(0x555559744eb0, 0x0, 0x0, 1)
ehci_opreg_read(0x555559744eb0, 0x0, 1)
ehci_opreg_write(0x555559744eb0, 0x0, 0x0, 1)
ehci_port_read(0x555559744eb0, 0x0, 1)
ehci_port_write(0x555559744eb0, 0x0, 0x0, 1)
ehci_caps_read(0x555559744eb0, 0x0, 1)
ehci_caps_write(0x555559744eb0, 0x0, 0x0, 1)
ehci_opreg_read(0x555559744eb0, 0x0, 1)
ehci_opreg_write(0x555559744eb0, 0x0, 0x0, 1)
ehci_port_read(0x555559744eb0, 0x0, 1)
ehci_port_write(0x555559744eb0, 0x0, 0x0, 1)
ehci_caps_read(0x555559744eb0, 0x0, 1)
ehci_caps_write(0x555559744eb0, 0x0, 0x0, 1)
ehci_opreg_read(0x555559744eb0, 0x0, 1)
ehci_opreg_write(0x555559744eb0, 0x0, 0x0, 1)
ehci_port_read(0x555559744eb0, 0x0, 1)
ehci_port_write(0x555559744eb0, 0x0, 0x0, 1)
ehci_caps_read(0x555559744eb0, 0x0, 1)
ehci_caps_write(0x555559744eb0, 0x0, 0x0, 1)
ehci_opreg_read(0x555559744eb0, 0x0, 1)
ehci_opreg_write(0x555559744eb0, 0x0, 0x0, 1)
ehci_port_read(0x555559744eb0, 0x0, 1)
ehci_port_write(0x555559744eb0, 0x0, 0x0, 1)
ehci_caps_read(0x555559744eb0, 0x0, 1)
ehci_caps_write(0x555559744eb0, 0x0, 0x0, 1)
ehci_opreg_read(0x555559744eb0, 0x0, 1)
ehci_opreg_write(0x555559744eb0, 0x0, 0x0, 1)
ehci_port_read(0x555559744eb0, 0x0, 1)
ehci_port_write(0x555559744eb0, 0x0, 0x0, 1)
ehci_caps_read(0x555559744eb0, 0x0, 1)
ehci_caps_write(0x555559744eb0, 0x0, 0x0, 1)
ehci_opreg_read(0x555559744eb0, 0x0, 1)
ehci_opreg_write(0x555559744eb0, 0x0, 0x0, 1)
ehci_port_read(0x555559744eb0, 0x0, 1)
ehci_port_write(0x555559744eb0, 0x0, 0x0, 1)
ehci_caps_read(0x555559744eb0, 0x0, 1)
ehci_caps_write(0x555559744eb0, 0x0, 0x0, 1)
ehci_opreg_read(0x555559744eb0, 0x0, 1)
ehci_opreg_write(0x555559744eb0, 0x0, 0x0, 1)
ehci_port_read(0x555559744eb0, 0x0, 1)
ehci_port_write(0x555559744eb0, 0x0, 0x0, 1)
ehci_caps_read(0x555559744eb0, 0x0, 1)
ehci_caps_write(0x555559744eb0, 0x0, 0x0, 1)
ehci_opreg_read(0x555559744eb0, 0x0, 1)
ehci_opreg_write(0x555559744eb0, 0x0, 0x0, 1)
ehci_port_read(0x555559744eb0, 0x0, 1)
ehci_port_write(0x555559744eb0, 0x0, 0x0, 1)
ehci_caps_read(0x555559744eb0, 0x0, 1)
ehci_caps_write(0x555559744eb0, 0x0, 0x0, 1)
ehci_opreg_read(0x555559744eb0, 0x0, 1)
ehci_opreg_write(0x555559744eb0, 0x0, 0x0, 1)
ehci_port_read(0x555559744eb0, 0x0, 1)
ehci_port_write(0x555559744eb0, 0x0, 0x0, 1)
ehci_caps_read(0x555559744eb0, 0x0, 1)
ehci_caps_write(0x555559744eb0, 0x0, 0x0, 1)
ehci_opreg_read(0x555559744eb0, 0x0, 1)
ehci_opreg_write(0x555559744eb0, 0x0, 0x0, 1)
ehci_port_read(0x555559744eb0, 0x0, 1)
ehci_port_write(0x555559744eb0, 0x0, 0x0, 1)
ehci_caps_read(0x555559744eb0, 0x0, 1)
ehci_caps_write(0x555559744eb0, 0x0, 0x0, 1)
ehci_opreg_read(0x555559744eb0, 0x0, 1)
ehci_opreg_write(0x555559744eb0, 0x0, 0x0, 1)
ehci_port_read(0x555559744eb0, 0x0, 1)
ehci_port_write(0x555559744eb0, 0x0, 0x0, 1)
ehci_caps_read(0x555559744eb0, 0x0, 1)
ehci_caps_write(0x555559744eb0, 0x0, 0x0, 1)
ehci_opreg_read(0x555559744eb0, 0x0, 1)
ehci_opreg_write(0x555559744eb0, 0x0, 0x0, 1)
ehci_port_read(0x555559744eb0, 0x0, 1)
ehci_port_write(0x555559744eb0, 0x0, 0x0, 1)
ehci_caps_read(0x555559744eb0, 0x0, 1)
ehci_caps_write(0x555559744eb0, 0x0, 0x0, 1)
ehci_opreg_read(0x555559744eb0, 0x0, 1)
ehci_opreg_write(0x555559744eb0, 0x0, 0x0, 1)
ehci_port_read(0x555559744eb0, 0x0, 1)
ehci_port_write(0x555559744eb0, 0x0, 0x0, 1)
ehci_caps_read(0x555559744eb0, 0x0, 1)
ehci_caps_write(0x555559744eb0, 0x0, 0x0, 1)
ehci_opreg_read(0x555559744eb0, 0x0, 1)
ehci_opreg_write(0x555559744eb0, 0x0, 0x0, 1)
ehci_port_read(0x555559744eb0, 0x0, 1)
ehci_port_write(0x555559744eb0, 0x0, 0x0, 1)
ehci_caps_read(0x555559744eb0, 0x0, 1)
ehci_caps_write(0x555559744eb0, 0x0, 0x0, 1)
ehci_opreg_read(0x555559744eb0, 0x0, 1)
ehci_opreg_write(0x555559744eb0, 0x0, 0x0, 1)
ehci_port_read(0x555559744eb0, 0x0, 1)
ehci_port_write(0x555559744eb0, 0x0, 0x0, 1)
ehci_caps_read(0x555559744eb0, 0x0, 1)
ehci_caps_write(0x555559744eb0, 0x0, 0x0, 1)
ehci_opreg_read(0x555559744eb0, 0x0, 1)
ehci_opreg_write(0x555559744eb0, 0x0, 0x0, 1)
ehci_port_read(0x555559744eb0, 0x0, 1)
ehci_port_write(0x555559744eb0, 0x0, 0x0, 1)
ehci_caps_read(0x555559744eb0, 0x0, 1)
ehci_caps_write(0x555559744eb0, 0x0, 0x0, 1)
ehci_opreg_read(0x555559744eb0, 0x0, 1)
ehci_opreg_write(0x555559744eb0, 0x0, 0x0, 1)
ehci_port_read(0x555559744eb0, 0x0, 1)
ehci_port_write(0x555559744eb0, 0x0, 0x0, 1)
ehci_caps_read(0x555559744eb0, 0x8, 1)
ehci_caps_write(0x555559744eb0, 0x8, 0x0, 1)
ehci_opreg_read(0x555559744eb0, 0x0, 1)
ehci_opreg_write(0x555559744eb0, 0x0, 0x0, 1)
ehci_port_read(0x555559744eb0, 0x0, 1)
ehci_port_write(0x555559744eb0, 0x0, 0x0, 1)
ehci_caps_read(0x555559744eb0, 0x8, 1)
ehci_caps_write(0x555559744eb0, 0x8, 0x0, 1)
ehci_opreg_read(0x555559744eb0, 0x0, 1)
ehci_opreg_write(0x555559744eb0, 0x0, 0x0, 1)
ehci_port_read(0x555559744eb0, 0x0, 1)
ehci_port_write(0x555559744eb0, 0x0, 0x0, 1)
ehci_caps_read(0x555559744eb0, 0x8, 1)
ehci_caps_write(0x555559744eb0, 0x8, 0x0, 1)
ehci_opreg_read(0x555559744eb0, 0x0, 1)
ehci_opreg_write(0x555559744eb0, 0x0, 0x0, 1)
ehci_port_read(0x555559744eb0, 0x0, 1)
ehci_port_write(0x555559744eb0, 0x0, 0x0, 1)
ehci_caps_read(0x555559744eb0, 0x8, 1)
ehci_caps_write(0x555559744eb0, 0x8, 0x0, 1)
ehci_opreg_read(0x555559744eb0, 0x0, 1)
ehci_opreg_write(0x555559744eb0, 0x0, 0x0, 1)
ehci_port_read(0x555559744eb0, 0x0, 1)
ehci_port_write(0x555559744eb0, 0x0, 0x0, 1)
ehci_caps_read(0x555559744eb0, 0x8, 1)
ehci_caps_write(0x555559744eb0, 0x8, 0x0, 1)
ehci_opreg_read(0x555559744eb0, 0x0, 1)
ehci_opreg_write(0x555559744eb0, 0x0, 0x0, 1)
ehci_port_read(0x555559744eb0, 0x0, 1)
ehci_port_write(0x555559744eb0, 0x0, 0x0, 1)
ehci_caps_read(0x555559744eb0, 0x8, 1)
ehci_caps_write(0x555559744eb0, 0x8, 0x0, 1)
ehci_opreg_read(0x555559744eb0, 0x0, 1)
ehci_opreg_write(0x555559744eb0, 0x0, 0x0, 1)
ehci_port_read(0x555559744eb0, 0x0, 1)
ehci_port_write(0x555559744eb0, 0x0, 0x0, 1)
ehci_caps_read(0x555559744eb0, 0x8, 1)
ehci_caps_write(0x555559744eb0, 0x8, 0x0, 1)
ehci_opreg_read(0x555559744eb0, 0x0, 1)
ehci_opreg_write(0x555559744eb0, 0x0, 0x0, 1)
ehci_port_read(0x555559744eb0, 0x0, 1)
ehci_port_write(0x555559744eb0, 0x0, 0x0, 1)
ehci_caps_read(0x555559744eb0, 0x8, 1)
ehci_caps_write(0x555559744eb0, 0x8, 0x0, 1)
ehci_opreg_read(0x555559744eb0, 0x0, 1)
ehci_opreg_write(0x555559744eb0, 0x0, 0x0, 1)
ehci_port_read(0x555559744eb0, 0x0, 1)
ehci_port_write(0x555559744eb0, 0x0, 0x0, 1)
ehci_caps_read(0x555559744eb0, 0x2, 1)
ehci_caps_write(0x555559744eb0, 0x2, 0x0, 1)
ehci_opreg_read(0x555559744eb0, 0x35, 1)
ehci_opreg_write(0x555559744eb0, 0x35, 0x0, 1)
ehci_port_read(0x555559744eb0, 0x0, 2)
ehci_port_write(0x555559744eb0, 0x0, 0x0, 2)
ehci_caps_read(0x555559744eb0, 0x2, 1)
ehci_caps_write(0x555559744eb0, 0x2, 0x0, 1)
ehci_opreg_read(0x555559744eb0, 0x35, 1)
ehci_opreg_write(0x555559744eb0, 0x35, 0x0, 1)
ehci_port_read(0x555559744eb0, 0x0, 2)
ehci_port_write(0x555559744eb0, 0x0, 0x0, 2)
ehci_caps_read(0x555559744eb0, 0x2, 1)
ehci_caps_write(0x555559744eb0, 0x2, 0x0, 1)
ehci_opreg_read(0x555559744eb0, 0x35, 1)
ehci_opreg_write(0x555559744eb0, 0x35, 0x0, 1)
ehci_port_read(0x555559744eb0, 0x0, 2)
ehci_port_write(0x555559744eb0, 0x0, 0x0, 2)
ehci_caps_read(0x555559744eb0, 0x2, 1)
ehci_caps_write(0x555559744eb0, 0x2, 0x0, 1)
ehci_opreg_read(0x555559744eb0, 0x35, 1)
ehci_opreg_write(0x555559744eb0, 0x35, 0x0, 1)
ehci_port_read(0x555559744eb0, 0x0, 2)
ehci_port_write(0x555559744eb0, 0x0, 0x0, 2)
ehci_caps_read(0x555559744eb0, 0x2, 1)
ehci_caps_write(0x555559744eb0, 0x2, 0x0, 1)
ehci_opreg_read(0x555559744eb0, 0x35, 1)
ehci_opreg_write(0x555559744eb0, 0x35, 0x0, 1)
ehci_port_read(0x555559744eb0, 0x0, 2)
ehci_port_write(0x555559744eb0, 0x0, 0x0, 2)
ehci_caps_read(0x555559744eb0, 0x2, 1)
ehci_caps_write(0x555559744eb0, 0x2, 0x0, 1)
ehci_opreg_read(0x555559744eb0, 0x35, 1)
ehci_opreg_write(0x555559744eb0, 0x35, 0x0, 1)
ehci_port_read(0x555559744eb0, 0x0, 2)
ehci_port_write(0x555559744eb0, 0x0, 0x0, 2)
ehci_caps_read(0x555559744eb0, 0x2, 1)
ehci_caps_write(0x555559744eb0, 0x2, 0x0, 1)
ehci_opreg_read(0x555559744eb0, 0x35, 1)
ehci_opreg_write(0x555559744eb0, 0x35, 0x0, 1)
ehci_port_read(0x555559744eb0, 0x0, 2)
ehci_port_write(0x555559744eb0, 0x0, 0x0, 2)
ehci_caps_read(0x555559744eb0, 0x2, 1)
ehci_caps_write(0x555559744eb0, 0x2, 0x0, 1)
ehci_opreg_read(0x555559744eb0, 0x35, 1)
ehci_opreg_write(0x555559744eb0, 0x35, 0x0, 1)
ehci_port_read(0x555559744eb0, 0x0, 2)
ehci_port_write(0x555559744eb0, 0x0, 0x0, 2)
ehci_caps_read(0x555559744eb0, 0x0, 1)
ehci_caps_write(0x555559744eb0, 0x0, 0x0, 1)
ehci_opreg_read(0x555559744eb0, 0x0, 1)
ehci_opreg_write(0x555559744eb0, 0x0, 0x0, 1)
ehci_port_read(0x555559744eb0, 0x0, 1)
ehci_port_write(0x555559744eb0, 0x0, 0x0, 1)
ehci_caps_read(0x555559744eb0, 0x0, 1)
ehci_caps_write(0x555559744eb0, 0x0, 0x0, 1)
ehci_opreg_read(0x555559744eb0, 0x0, 1)
ehci_opreg_write(0x555559744eb0, 0x0, 0x0, 1)
ehci_port_read(0x555559744eb0, 0x0, 1)
ehci_port_write(0x555559744eb0, 0x0, 0x0, 1)
ehci_caps_read(0x555559744eb0, 0x0, 1)
ehci_caps_write(0x555559744eb0, 0x0, 0x0, 1)
ehci_opreg_read(0x555559744eb0, 0x0, 1)
ehci_opreg_write(0x555559744eb0, 0x0, 0x0, 1)
ehci_port_read(0x555559744eb0, 0x0, 1)
ehci_port_write(0x555559744eb0, 0x0, 0x0, 1)
ehci_caps_read(0x555559744eb0, 0x0, 1)
ehci_caps_write(0x555559744eb0, 0x0, 0x0, 1)
ehci_opreg_read(0x555559744eb0, 0x0, 1)
ehci_opreg_write(0x555559744eb0, 0x0, 0x0, 1)
ehci_port_read(0x555559744eb0, 0x0, 1)
ehci_port_write(0x555559744eb0, 0x0, 0x0, 1)
ehci_caps_read(0x555559744eb0, 0x0, 1)
ehci_caps_write(0x555559744eb0, 0x0, 0x0, 1)
ehci_opreg_read(0x555559744eb0, 0x0, 1)
ehci_opreg_write(0x555559744eb0, 0x0, 0x0, 1)
ehci_port_read(0x555559744eb0, 0x0, 1)
ehci_port_write(0x555559744eb0, 0x0, 0x0, 1)
ehci_caps_read(0x555559744eb0, 0x0, 1)
ehci_caps_write(0x555559744eb0, 0x0, 0x0, 1)
ehci_opreg_read(0x555559744eb0, 0x0, 1)
ehci_opreg_write(0x555559744eb0, 0x0, 0x0, 1)
ehci_port_read(0x555559744eb0, 0x0, 1)
ehci_port_write(0x555559744eb0, 0x0, 0x0, 1)
ehci_caps_read(0x555559744eb0, 0x0, 1)
ehci_caps_write(0x555559744eb0, 0x0, 0x0, 1)
ehci_opreg_read(0x555559744eb0, 0x0, 1)
ehci_opreg_write(0x555559744eb0, 0x0, 0x0, 1)
ehci_port_read(0x555559744eb0, 0x0, 1)
ehci_port_write(0x555559744eb0, 0x0, 0x0, 1)
ehci_caps_read(0x555559744eb0, 0x0, 1)
ehci_caps_write(0x555559744eb0, 0x0, 0x0, 1)
ehci_opreg_read(0x555559744eb0, 0x0, 1)
ehci_opreg_write(0x555559744eb0, 0x0, 0x0, 1)
ehci_port_read(0x555559744eb0, 0x0, 1)
ehci_port_write(0x555559744eb0, 0x0, 0x0, 1)
ehci_caps_read(0x555559744eb0, 0x4, 1)
ehci_caps_write(0x555559744eb0, 0x4, 0x0, 1)
ehci_opreg_read(0x555559744eb0, 0x0, 1)
ehci_opreg_write(0x555559744eb0, 0x0, 0x0, 1)
ehci_port_read(0x555559744eb0, 0x0, 1)
ehci_port_write(0x555559744eb0, 0x0, 0x0, 1)
ehci_caps_read(0x555559744eb0, 0x4, 1)
ehci_caps_write(0x555559744eb0, 0x4, 0x0, 1)
ehci_opreg_read(0x555559744eb0, 0x0, 1)
ehci_opreg_write(0x555559744eb0, 0x0, 0x0, 1)
ehci_port_read(0x555559744eb0, 0x0, 1)
ehci_port_write(0x555559744eb0, 0x0, 0x0, 1)
ehci_caps_read(0x555559744eb0, 0x4, 1)
ehci_caps_write(0x555559744eb0, 0x4, 0x0, 1)
ehci_opreg_read(0x555559744eb0, 0x0, 1)
ehci_opreg_write(0x555559744eb0, 0x0, 0x0, 1)
ehci_port_read(0x555559744eb0, 0x0, 1)
ehci_port_write(0x555559744eb0, 0x0, 0x0, 1)
ehci_caps_read(0x555559744eb0, 0x4, 1)
ehci_caps_write(0x555559744eb0, 0x4, 0x0, 1)
ehci_opreg_read(0x555559744eb0, 0x0, 1)
ehci_opreg_write(0x555559744eb0, 0x0, 0x0, 1)
ehci_port_read(0x555559744eb0, 0x0, 1)
ehci_port_write(0x555559744eb0, 0x0, 0x0, 1)
ehci_caps_read(0x555559744eb0, 0x4, 1)
ehci_caps_write(0x555559744eb0, 0x4, 0x0, 1)
ehci_opreg_read(0x555559744eb0, 0x0, 1)
ehci_opreg_write(0x555559744eb0, 0x0, 0x0, 1)
ehci_port_read(0x555559744eb0, 0x0, 1)
ehci_port_write(0x555559744eb0, 0x0, 0x0, 1)
ehci_caps_read(0x555559744eb0, 0x4, 1)
ehci_caps_write(0x555559744eb0, 0x4, 0x0, 1)
ehci_opreg_read(0x555559744eb0, 0x0, 1)
ehci_opreg_write(0x555559744eb0, 0x0, 0x0, 1)
ehci_port_read(0x555559744eb0, 0x0, 1)
ehci_port_write(0x555559744eb0, 0x0, 0x0, 1)
ehci_caps_read(0x555559744eb0, 0x4, 1)
ehci_caps_write(0x555559744eb0, 0x4, 0x0, 1)
ehci_opreg_read(0x555559744eb0, 0x0, 1)
ehci_opreg_write(0x555559744eb0, 0x0, 0x0, 1)
ehci_port_read(0x555559744eb0, 0x0, 1)
ehci_port_write(0x555559744eb0, 0x0, 0x0, 1)
ehci_caps_read(0x555559744eb0, 0x4, 1)
ehci_caps_write(0x555559744eb0, 0x4, 0x0, 1)
ehci_opreg_read(0x555559744eb0, 0x0, 1)
ehci_opreg_write(0x555559744eb0, 0x0, 0x0, 1)
ehci_port_read(0x555559744eb0, 0x0, 1)
ehci_port_write(0x555559744eb0, 0x0, 0x0, 1)
ehci_caps_read(0x555559744eb0, 0x8, 1)
ehci_caps_write(0x555559744eb0, 0x8, 0x0, 1)
ehci_opreg_read(0x555559744eb0, 0x0, 1)
ehci_opreg_write(0x555559744eb0, 0x0, 0x0, 1)
ehci_port_read(0x555559744eb0, 0x0, 1)
ehci_port_write(0x555559744eb0, 0x0, 0x0, 1)
ehci_caps_read(0x555559744eb0, 0x8, 1)
ehci_caps_write(0x555559744eb0, 0x8, 0x0, 1)
ehci_opreg_read(0x555559744eb0, 0x0, 1)
ehci_opreg_write(0x555559744eb0, 0x0, 0x0, 1)
ehci_port_read(0x555559744eb0, 0x0, 1)
ehci_port_write(0x555559744eb0, 0x0, 0x0, 1)
ehci_caps_read(0x555559744eb0, 0x8, 1)
ehci_caps_write(0x555559744eb0, 0x8, 0x0, 1)
ehci_opreg_read(0x555559744eb0, 0x0, 1)
ehci_opreg_write(0x555559744eb0, 0x0, 0x0, 1)
ehci_port_read(0x555559744eb0, 0x0, 1)
ehci_port_write(0x555559744eb0, 0x0, 0x0, 1)
ehci_caps_read(0x555559744eb0, 0x8, 1)
ehci_caps_write(0x555559744eb0, 0x8, 0x0, 1)
ehci_opreg_read(0x555559744eb0, 0x0, 1)
ehci_opreg_write(0x555559744eb0, 0x0, 0x0, 1)
ehci_port_read(0x555559744eb0, 0x0, 1)
ehci_port_write(0x555559744eb0, 0x0, 0x0, 1)
ehci_caps_read(0x555559744eb0, 0x8, 1)
ehci_caps_write(0x555559744eb0, 0x8, 0x0, 1)
ehci_opreg_read(0x555559744eb0, 0x0, 1)
ehci_opreg_write(0x555559744eb0, 0x0, 0x0, 1)
ehci_port_read(0x555559744eb0, 0x0, 1)
ehci_port_write(0x555559744eb0, 0x0, 0x0, 1)
ehci_caps_read(0x555559744eb0, 0x8, 1)
ehci_caps_write(0x555559744eb0, 0x8, 0x0, 1)
ehci_opreg_read(0x555559744eb0, 0x0, 1)
ehci_opreg_write(0x555559744eb0, 0x0, 0x0, 1)
ehci_port_read(0x555559744eb0, 0x0, 1)
ehci_port_write(0x555559744eb0, 0x0, 0x0, 1)
ehci_caps_read(0x555559744eb0, 0x8, 1)
ehci_caps_write(0x555559744eb0, 0x8, 0x0, 1)
ehci_opreg_read(0x555559744eb0, 0x0, 1)
ehci_opreg_write(0x555559744eb0, 0x0, 0x0, 1)
ehci_port_read(0x555559744eb0, 0x0, 1)
ehci_port_write(0x555559744eb0, 0x0, 0x0, 1)
ehci_caps_read(0x555559744eb0, 0x8, 1)
ehci_caps_write(0x555559744eb0, 0x8, 0x0, 1)
ehci_opreg_read(0x555559744eb0, 0x0, 1)
ehci_opreg_write(0x555559744eb0, 0x0, 0x0, 1)
ehci_port_read(0x555559744eb0, 0x0, 1)
ehci_port_write(0x555559744eb0, 0x0, 0x0, 1)
ehci_caps_read(0x555559744eb0, 0x0, 1)
ehci_caps_write(0x555559744eb0, 0x0, 0x0, 1)
ehci_opreg_read(0x555559744eb0, 0x0, 1)
ehci_opreg_write(0x555559744eb0, 0x0, 0x0, 1)
ehci_port_read(0x555559744eb0, 0x0, 1)
ehci_port_write(0x555559744eb0, 0x0, 0x0, 1)
ehci_caps_read(0x555559744eb0, 0x0, 1)
ehci_caps_write(0x555559744eb0, 0x0, 0x0, 1)
ehci_opreg_read(0x555559744eb0, 0x0, 1)
ehci_opreg_write(0x555559744eb0, 0x0, 0x0, 1)
ehci_port_read(0x555559744eb0, 0x0, 1)
ehci_port_write(0x555559744eb0, 0x0, 0x0, 1)
ehci_caps_read(0x555559744eb0, 0x0, 1)
ehci_caps_write(0x555559744eb0, 0x0, 0x0, 1)
ehci_opreg_read(0x555559744eb0, 0x0, 1)
ehci_opreg_write(0x555559744eb0, 0x0, 0x0, 1)
ehci_port_read(0x555559744eb0, 0x0, 1)
ehci_port_write(0x555559744eb0, 0x0, 0x0, 1)
ehci_caps_read(0x555559744eb0, 0x0, 1)
ehci_caps_write(0x555559744eb0, 0x0, 0x0, 1)
ehci_opreg_read(0x555559744eb0, 0x0, 1)
ehci_opreg_write(0x555559744eb0, 0x0, 0x0, 1)
ehci_port_read(0x555559744eb0, 0x0, 1)
ehci_port_write(0x555559744eb0, 0x0, 0x0, 1)
ehci_caps_read(0x555559744eb0, 0x0, 1)
ehci_caps_write(0x555559744eb0, 0x0, 0x0, 1)
ehci_opreg_read(0x555559744eb0, 0x0, 1)
ehci_opreg_write(0x555559744eb0, 0x0, 0x0, 1)
ehci_port_read(0x555559744eb0, 0x0, 1)
ehci_port_write(0x555559744eb0, 0x0, 0x0, 1)
ehci_caps_read(0x555559744eb0, 0x0, 1)
ehci_caps_write(0x555559744eb0, 0x0, 0x0, 1)
ehci_opreg_read(0x555559744eb0, 0x0, 1)
ehci_opreg_write(0x555559744eb0, 0x0, 0x0, 1)
ehci_port_read(0x555559744eb0, 0x0, 1)
ehci_port_write(0x555559744eb0, 0x0, 0x0, 1)
ehci_caps_read(0x555559744eb0, 0x0, 1)
ehci_caps_write(0x555559744eb0, 0x0, 0x0, 1)
ehci_opreg_read(0x555559744eb0, 0x0, 1)
ehci_opreg_write(0x555559744eb0, 0x0, 0x0, 1)
ehci_port_read(0x555559744eb0, 0x0, 1)
ehci_port_write(0x555559744eb0, 0x0, 0x0, 1)
ehci_caps_read(0x555559744eb0, 0x0, 1)
ehci_caps_write(0x555559744eb0, 0x0, 0x0, 1)
ehci_opreg_read(0x555559744eb0, 0x0, 1)
ehci_opreg_write(0x555559744eb0, 0x0, 0x0, 1)
ehci_port_read(0x555559744eb0, 0x0, 1)
ehci_port_write(0x555559744eb0, 0x0, 0x0, 1)
ehci_caps_read(0x555559744eb0, 0x0, 1)
ehci_caps_write(0x555559744eb0, 0x0, 0x0, 1)
ehci_opreg_read(0x555559744eb0, 0x0, 1)
ehci_opreg_write(0x555559744eb0, 0x0, 0x0, 1)
ehci_port_read(0x555559744eb0, 0x0, 1)
ehci_port_write(0x555559744eb0, 0x0, 0x0, 1)
ehci_caps_read(0x555559744eb0, 0x0, 1)
ehci_caps_write(0x555559744eb0, 0x0, 0x0, 1)
ehci_opreg_read(0x555559744eb0, 0x0, 1)
ehci_opreg_write(0x555559744eb0, 0x0, 0x0, 1)
ehci_port_read(0x555559744eb0, 0x0, 1)
ehci_port_write(0x555559744eb0, 0x0, 0x0, 1)
ehci_caps_read(0x555559744eb0, 0x0, 1)
ehci_caps_write(0x555559744eb0, 0x0, 0x0, 1)
ehci_opreg_read(0x555559744eb0, 0x0, 1)
ehci_opreg_write(0x555559744eb0, 0x0, 0x0, 1)
ehci_port_read(0x555559744eb0, 0x0, 1)
ehci_port_write(0x555559744eb0, 0x0, 0x0, 1)
ehci_caps_read(0x555559744eb0, 0x0, 1)
ehci_caps_write(0x555559744eb0, 0x0, 0x0, 1)
ehci_opreg_read(0x555559744eb0, 0x0, 1)
ehci_opreg_write(0x555559744eb0, 0x0, 0x0, 1)
ehci_port_read(0x555559744eb0, 0x0, 1)
ehci_port_write(0x555559744eb0, 0x0, 0x0, 1)
ehci_caps_read(0x555559744eb0, 0x0, 1)
ehci_caps_write(0x555559744eb0, 0x0, 0x0, 1)
ehci_opreg_read(0x555559744eb0, 0x0, 1)
ehci_opreg_write(0x555559744eb0, 0x0, 0x0, 1)
ehci_port_read(0x555559744eb0, 0x0, 1)
ehci_port_write(0x555559744eb0, 0x0, 0x0, 1)
ehci_caps_read(0x555559744eb0, 0x0, 1)
ehci_caps_write(0x555559744eb0, 0x0, 0x0, 1)
ehci_opreg_read(0x555559744eb0, 0x0, 1)
ehci_opreg_write(0x555559744eb0, 0x0, 0x0, 1)
ehci_port_read(0x555559744eb0, 0x0, 1)
ehci_port_write(0x555559744eb0, 0x0, 0x0, 1)
ehci_caps_read(0x555559744eb0, 0x0, 1)
ehci_caps_write(0x555559744eb0, 0x0, 0x0, 1)
ehci_opreg_read(0x555559744eb0, 0x0, 1)
ehci_opreg_write(0x555559744eb0, 0x0, 0x0, 1)
ehci_port_read(0x555559744eb0, 0x0, 1)
ehci_port_write(0x555559744eb0, 0x0, 0x0, 1)
ehci_caps_read(0x555559744eb0, 0x0, 1)
ehci_caps_write(0x555559744eb0, 0x0, 0x0, 1)
ehci_opreg_read(0x555559744eb0, 0x0, 1)
ehci_opreg_write(0x555559744eb0, 0x0, 0x0, 1)
ehci_port_read(0x555559744eb0, 0x0, 1)
ehci_port_write(0x555559744eb0, 0x0, 0x0, 1)
ehci_caps_read(0x555559744eb0, 0x0, 1)
ehci_caps_write(0x555559744eb0, 0x0, 0x0, 1)
ehci_opreg_read(0x555559744eb0, 0x0, 1)
ehci_opreg_write(0x555559744eb0, 0x0, 0x0, 1)
ehci_port_read(0x555559744eb0, 0x0, 1)
ehci_port_write(0x555559744eb0, 0x0, 0x0, 1)
ehci_caps_read(0x555559744eb0, 0x0, 1)
ehci_caps_write(0x555559744eb0, 0x0, 0x0, 1)
ehci_opreg_read(0x555559744eb0, 0x0, 1)
ehci_opreg_write(0x555559744eb0, 0x0, 0x0, 1)
ehci_port_read(0x555559744eb0, 0x0, 1)
ehci_port_write(0x555559744eb0, 0x0, 0x0, 1)
ehci_caps_read(0x555559744eb0, 0x0, 1)
ehci_caps_write(0x555559744eb0, 0x0, 0x0, 1)
ehci_opreg_read(0x555559744eb0, 0x0, 1)
ehci_opreg_write(0x555559744eb0, 0x0, 0x0, 1)
ehci_port_read(0x555559744eb0, 0x0, 1)
ehci_port_write(0x555559744eb0, 0x0, 0x0, 1)
ehci_caps_read(0x555559744eb0, 0x0, 1)
ehci_caps_write(0x555559744eb0, 0x0, 0x0, 1)
ehci_opreg_read(0x555559744eb0, 0x0, 1)
ehci_opreg_write(0x555559744eb0, 0x0, 0x0, 1)
ehci_port_read(0x555559744eb0, 0x0, 1)
ehci_port_write(0x555559744eb0, 0x0, 0x0, 1)
ehci_caps_read(0x555559744eb0, 0x0, 1)
ehci_caps_write(0x555559744eb0, 0x0, 0x0, 1)
ehci_opreg_read(0x555559744eb0, 0x0, 1)
ehci_opreg_write(0x555559744eb0, 0x0, 0x0, 1)
ehci_port_read(0x555559744eb0, 0x0, 1)
ehci_port_write(0x555559744eb0, 0x0, 0x0, 1)
ehci_caps_read(0x555559744eb0, 0x0, 1)
ehci_caps_write(0x555559744eb0, 0x0, 0x0, 1)
ehci_opreg_read(0x555559744eb0, 0x0, 1)
ehci_opreg_write(0x555559744eb0, 0x0, 0x0, 1)
ehci_port_read(0x555559744eb0, 0x0, 1)
ehci_port_write(0x555559744eb0, 0x0, 0x0, 1)
ehci_caps_read(0x555559744eb0, 0x0, 1)
ehci_caps_write(0x555559744eb0, 0x0, 0x0, 1)
ehci_opreg_read(0x555559744eb0, 0x0, 1)
ehci_opreg_write(0x555559744eb0, 0x0, 0x0, 1)
ehci_port_read(0x555559744eb0, 0x0, 1)
ehci_port_write(0x555559744eb0, 0x0, 0x0, 1)
ehci_caps_read(0x555559744eb0, 0x0, 1)
ehci_caps_write(0x555559744eb0, 0x0, 0x0, 1)
ehci_opreg_read(0x555559744eb0, 0x0, 1)
ehci_opreg_write(0x555559744eb0, 0x0, 0x0, 1)
ehci_port_read(0x555559744eb0, 0x0, 1)
ehci_port_write(0x555559744eb0, 0x0, 0x0, 1)
ehci_caps_read(0x555559744eb0, 0x0, 1)
ehci_caps_write(0x555559744eb0, 0x0, 0x0, 1)
ehci_opreg_read(0x555559744eb0, 0x0, 1)
ehci_opreg_write(0x555559744eb0, 0x0, 0x0, 1)
ehci_port_read(0x555559744eb0, 0x0, 1)
ehci_port_write(0x555559744eb0, 0x0, 0x0, 1)
ehci_caps_read(0x555559744eb0, 0x0, 1)
ehci_caps_write(0x555559744eb0, 0x0, 0x0, 1)
ehci_opreg_read(0x555559744eb0, 0x0, 1)
ehci_opreg_write(0x555559744eb0, 0x0, 0x0, 1)
ehci_port_read(0x555559744eb0, 0x0, 1)
ehci_port_write(0x555559744eb0, 0x0, 0x0, 1)
ehci_caps_read(0x555559744eb0, 0x0, 1)
ehci_caps_write(0x555559744eb0, 0x0, 0x0, 1)
ehci_opreg_read(0x555559744eb0, 0x0, 1)
ehci_opreg_write(0x555559744eb0, 0x0, 0x0, 1)
ehci_port_read(0x555559744eb0, 0x0, 1)
ehci_port_write(0x555559744eb0, 0x0, 0x0, 1)
ehci_caps_read(0x555559744eb0, 0x0, 1)
ehci_caps_write(0x555559744eb0, 0x0, 0x0, 1)
ehci_opreg_read(0x555559744eb0, 0x0, 1)
ehci_opreg_write(0x555559744eb0, 0x0, 0x0, 1)
ehci_port_read(0x555559744eb0, 0x0, 1)
ehci_port_write(0x555559744eb0, 0x0, 0x0, 1)
ehci_caps_read(0x555559744eb0, 0x0, 1)
ehci_caps_write(0x555559744eb0, 0x0, 0x0, 1)
ehci_opreg_read(0x555559744eb0, 0x0, 1)
ehci_opreg_write(0x555559744eb0, 0x0, 0x0, 1)
ehci_port_read(0x555559744eb0, 0x0, 1)
ehci_port_write(0x555559744eb0, 0x0, 0x0, 1)
ehci_caps_read(0x555559744eb0, 0x0, 1)
ehci_caps_write(0x555559744eb0, 0x0, 0x0, 1)
ehci_opreg_read(0x555559744eb0, 0x0, 1)
ehci_opreg_write(0x555559744eb0, 0x0, 0x0, 1)
ehci_port_read(0x555559744eb0, 0x0, 1)
ehci_port_write(0x555559744eb0, 0x0, 0x0, 1)
ehci_caps_read(0x555559744eb0, 0x0, 1)
ehci_caps_write(0x555559744eb0, 0x0, 0x0, 1)
ehci_opreg_read(0x555559744eb0, 0x0, 1)
ehci_opreg_write(0x555559744eb0, 0x0, 0x0, 1)
ehci_port_read(0x555559744eb0, 0x0, 1)
ehci_port_write(0x555559744eb0, 0x0, 0x0, 1)
ehci_caps_read(0x555559744eb0, 0x0, 1)
ehci_caps_write(0x555559744eb0, 0x0, 0x0, 1)
ehci_opreg_read(0x555559744eb0, 0x0, 1)
ehci_opreg_write(0x555559744eb0, 0x0, 0x0, 1)
ehci_port_read(0x555559744eb0, 0x0, 1)
ehci_port_write(0x555559744eb0, 0x0, 0x0, 1)
ehci_caps_read(0x555559744eb0, 0x0, 1)
ehci_caps_write(0x555559744eb0, 0x0, 0x0, 1)
ehci_opreg_read(0x555559744eb0, 0x0, 1)
ehci_opreg_write(0x555559744eb0, 0x0, 0x0, 1)
ehci_port_read(0x555559744eb0, 0x0, 1)
ehci_port_write(0x555559744eb0, 0x0, 0x0, 1)
ehci_caps_read(0x555559744eb0, 0x0, 1)
ehci_caps_write(0x555559744eb0, 0x0, 0x0, 1)
ehci_opreg_read(0x555559744eb0, 0x0, 1)
ehci_opreg_write(0x555559744eb0, 0x0, 0x0, 1)
ehci_port_read(0x555559744eb0, 0x0, 1)
ehci_port_write(0x555559744eb0, 0x0, 0x0, 1)
ehci_caps_read(0x555559744eb0, 0x0, 1)
ehci_caps_write(0x555559744eb0, 0x0, 0x0, 1)
ehci_opreg_read(0x555559744eb0, 0x0, 1)
ehci_opreg_write(0x555559744eb0, 0x0, 0x0, 1)
ehci_port_read(0x555559744eb0, 0x0, 1)
ehci_port_write(0x555559744eb0, 0x0, 0x0, 1)
ehci_caps_read(0x555559744eb0, 0x0, 1)
ehci_caps_write(0x555559744eb0, 0x0, 0x0, 1)
ehci_opreg_read(0x555559744eb0, 0x0, 1)
ehci_opreg_write(0x555559744eb0, 0x0, 0x0, 1)
ehci_port_read(0x555559744eb0, 0x0, 1)
ehci_port_write(0x555559744eb0, 0x0, 0x0, 1)
ehci_caps_read(0x555559744eb0, 0x0, 1)
ehci_caps_write(0x555559744eb0, 0x0, 0x0, 1)
ehci_opreg_read(0x555559744eb0, 0x0, 1)
ehci_opreg_write(0x555559744eb0, 0x0, 0x0, 1)
ehci_port_read(0x555559744eb0, 0x0, 1)
ehci_port_write(0x555559744eb0, 0x0, 0x0, 1)
ehci_caps_read(0x555559744eb0, 0x0, 1)
ehci_caps_write(0x555559744eb0, 0x0, 0x0, 1)
ehci_opreg_read(0x555559744eb0, 0x0, 1)
ehci_opreg_write(0x555559744eb0, 0x0, 0x0, 1)
ehci_port_read(0x555559744eb0, 0x0, 1)
ehci_port_write(0x555559744eb0, 0x0, 0x0, 1)
ehci_caps_read(0x555559744eb0, 0x0, 1)
ehci_caps_write(0x555559744eb0, 0x0, 0x0, 1)
ehci_opreg_read(0x555559744eb0, 0x0, 1)
ehci_opreg_write(0x555559744eb0, 0x0, 0x0, 1)
ehci_port_read(0x555559744eb0, 0x0, 1)
ehci_port_write(0x555559744eb0, 0x0, 0x0, 1)
ehci_caps_read(0x555559744eb0, 0x0, 1)
ehci_caps_write(0x555559744eb0, 0x0, 0x0, 1)
ehci_opreg_read(0x555559744eb0, 0x0, 1)
ehci_opreg_write(0x555559744eb0, 0x0, 0x0, 1)
ehci_port_read(0x555559744eb0, 0x0, 1)
ehci_port_write(0x555559744eb0, 0x0, 0x0, 1)
ehci_caps_read(0x555559744eb0, 0x0, 1)
ehci_caps_write(0x555559744eb0, 0x0, 0x0, 1)
ehci_opreg_read(0x555559744eb0, 0x0, 1)
ehci_opreg_write(0x555559744eb0, 0x0, 0x0, 1)
ehci_port_read(0x555559744eb0, 0x0, 1)
ehci_port_write(0x555559744eb0, 0x0, 0x0, 1)
ehci_caps_read(0x555559744eb0, 0x0, 1)
ehci_caps_write(0x555559744eb0, 0x0, 0x0, 1)
ehci_opreg_read(0x555559744eb0, 0x0, 1)
ehci_opreg_write(0x555559744eb0, 0x0, 0x0, 1)
ehci_port_read(0x555559744eb0, 0x0, 1)
ehci_port_write(0x555559744eb0, 0x0, 0x0, 1)
ehci_caps_read(0x555559744eb0, 0x0, 1)
ehci_caps_write(0x555559744eb0, 0x0, 0x0, 1)
ehci_opreg_read(0x555559744eb0, 0x0, 1)
ehci_opreg_write(0x555559744eb0, 0x0, 0x0, 1)
ehci_port_read(0x555559744eb0, 0x0, 1)
ehci_port_write(0x555559744eb0, 0x0, 0x0, 1)
ehci_caps_read(0x555559744eb0, 0x0, 1)
ehci_caps_write(0x555559744eb0, 0x0, 0x0, 1)
ehci_opreg_read(0x555559744eb0, 0x0, 1)
ehci_opreg_write(0x555559744eb0, 0x0, 0x0, 1)
ehci_port_read(0x555559744eb0, 0x0, 1)
ehci_port_write(0x555559744eb0, 0x0, 0x0, 1)
ehci_caps_read(0x555559744eb0, 0x0, 1)
ehci_caps_write(0x555559744eb0, 0x0, 0x0, 1)
ehci_opreg_read(0x555559744eb0, 0x0, 1)
ehci_opreg_write(0x555559744eb0, 0x0, 0x0, 1)
ehci_port_read(0x555559744eb0, 0x0, 1)
ehci_port_write(0x555559744eb0, 0x0, 0x0, 1)
ehci_caps_read(0x555559744eb0, 0x0, 1)
ehci_caps_write(0x555559744eb0, 0x0, 0x0, 1)
ehci_opreg_read(0x555559744eb0, 0x0, 1)
ehci_opreg_write(0x555559744eb0, 0x0, 0x0, 1)
ehci_port_read(0x555559744eb0, 0x0, 1)
ehci_port_write(0x555559744eb0, 0x0, 0x0, 1)
ehci_caps_read(0x555559744eb0, 0x0, 1)
ehci_caps_write(0x555559744eb0, 0x0, 0x0, 1)
ehci_opreg_read(0x555559744eb0, 0x0, 1)
ehci_opreg_write(0x555559744eb0, 0x0, 0x0, 1)
ehci_port_read(0x555559744eb0, 0x0, 1)
ehci_port_write(0x555559744eb0, 0x0, 0x0, 1)
ehci_caps_read(0x555559744eb0, 0x0, 1)
ehci_caps_write(0x555559744eb0, 0x0, 0x0, 1)
ehci_opreg_read(0x555559744eb0, 0x0, 1)
ehci_opreg_write(0x555559744eb0, 0x0, 0x0, 1)
ehci_port_read(0x555559744eb0, 0x0, 1)
ehci_port_write(0x555559744eb0, 0x0, 0x0, 1)
ehci_caps_read(0x555559744eb0, 0x2, 2)
ehci_caps_write(0x555559744eb0, 0x2, 0x0, 2)
ehci_opreg_read(0x555559744eb0, 0x41, 1)
ehci_opreg_write(0x555559744eb0, 0x41, 0x0, 1)
ehci_port_read(0x555559744eb0, 0x0, 1)
ehci_port_write(0x555559744eb0, 0x0, 0x0, 1)
ehci_caps_read(0x555559744eb0, 0x2, 2)
ehci_caps_write(0x555559744eb0, 0x2, 0x0, 2)
ehci_opreg_read(0x555559744eb0, 0x41, 1)
ehci_opreg_write(0x555559744eb0, 0x41, 0x0, 1)
ehci_port_read(0x555559744eb0, 0x0, 1)
ehci_port_write(0x555559744eb0, 0x0, 0x0, 1)
ehci_caps_read(0x555559744eb0, 0x2, 2)
ehci_caps_write(0x555559744eb0, 0x2, 0x0, 2)
ehci_opreg_read(0x555559744eb0, 0x41, 1)
ehci_opreg_write(0x555559744eb0, 0x41, 0x0, 1)
ehci_port_read(0x555559744eb0, 0x0, 1)
ehci_port_write(0x555559744eb0, 0x0, 0x0, 1)
ehci_caps_read(0x555559744eb0, 0x2, 2)
ehci_caps_write(0x555559744eb0, 0x2, 0x0, 2)
ehci_opreg_read(0x555559744eb0, 0x41, 1)
ehci_opreg_write(0x555559744eb0, 0x41, 0x0, 1)
ehci_port_read(0x555559744eb0, 0x0, 1)
ehci_port_write(0x555559744eb0, 0x0, 0x0, 1)
ehci_caps_read(0x555559744eb0, 0x2, 2)
ehci_caps_write(0x555559744eb0, 0x2, 0x0, 2)
ehci_opreg_read(0x555559744eb0, 0x41, 1)
ehci_opreg_write(0x555559744eb0, 0x41, 0x0, 1)
ehci_port_read(0x555559744eb0, 0x0, 1)
ehci_port_write(0x555559744eb0, 0x0, 0x0, 1)
ehci_caps_read(0x555559744eb0, 0x2, 2)
ehci_caps_write(0x555559744eb0, 0x2, 0x0, 2)
ehci_opreg_read(0x555559744eb0, 0x41, 1)
ehci_opreg_write(0x555559744eb0, 0x41, 0x0, 1)
ehci_port_read(0x555559744eb0, 0x0, 1)
ehci_port_write(0x555559744eb0, 0x0, 0x0, 1)
ehci_caps_read(0x555559744eb0, 0x2, 2)
ehci_caps_write(0x555559744eb0, 0x2, 0x0, 2)
ehci_opreg_read(0x555559744eb0, 0x41, 1)
ehci_opreg_write(0x555559744eb0, 0x41, 0x0, 1)
ehci_port_read(0x555559744eb0, 0x0, 1)
ehci_port_write(0x555559744eb0, 0x0, 0x0, 1)
ehci_caps_read(0x555559744eb0, 0x2, 2)
ehci_caps_write(0x555559744eb0, 0x2, 0x0, 2)
ehci_opreg_read(0x555559744eb0, 0x41, 1)
ehci_opreg_write(0x555559744eb0, 0x41, 0x0, 1)
ehci_port_read(0x555559744eb0, 0x0, 1)
ehci_port_write(0x555559744eb0, 0x0, 0x0, 1)
ehci_caps_read(0x555559744eb0, 0x2, 2)
ehci_caps_write(0x555559744eb0, 0x2, 0x0, 2)
ehci_opreg_read(0x555559744eb0, 0x41, 1)
ehci_opreg_write(0x555559744eb0, 0x41, 0x0, 1)
ehci_port_read(0x555559744eb0, 0x0, 1)
ehci_port_write(0x555559744eb0, 0x0, 0x0, 1)
ehci_caps_read(0x555559744eb0, 0x2, 2)
ehci_caps_write(0x555559744eb0, 0x2, 0x0, 2)
ehci_opreg_read(0x555559744eb0, 0x41, 1)
ehci_opreg_write(0x555559744eb0, 0x41, 0x0, 1)
ehci_port_read(0x555559744eb0, 0x0, 1)
ehci_port_write(0x555559744eb0, 0x0, 0x0, 1)
ehci_caps_read(0x555559744eb0, 0x2, 2)
ehci_caps_write(0x555559744eb0, 0x2, 0x0, 2)
ehci_opreg_read(0x555559744eb0, 0x41, 1)
ehci_opreg_write(0x555559744eb0, 0x41, 0x0, 1)
ehci_port_read(0x555559744eb0, 0x0, 1)
ehci_port_write(0x555559744eb0, 0x0, 0x0, 1)
ehci_caps_read(0x555559744eb0, 0x2, 2)
ehci_caps_write(0x555559744eb0, 0x2, 0x0, 2)
ehci_opreg_read(0x555559744eb0, 0x41, 1)
ehci_opreg_write(0x555559744eb0, 0x41, 0x0, 1)
ehci_port_read(0x555559744eb0, 0x0, 1)
ehci_port_write(0x555559744eb0, 0x0, 0x0, 1)
ehci_caps_read(0x555559744eb0, 0x2, 2)
ehci_caps_write(0x555559744eb0, 0x2, 0x0, 2)
ehci_opreg_read(0x555559744eb0, 0x41, 1)
ehci_opreg_write(0x555559744eb0, 0x41, 0x0, 1)
ehci_port_read(0x555559744eb0, 0x0, 1)
ehci_port_write(0x555559744eb0, 0x0, 0x0, 1)
ehci_caps_read(0x555559744eb0, 0x2, 2)
ehci_caps_write(0x555559744eb0, 0x2, 0x0, 2)
ehci_opreg_read(0x555559744eb0, 0x41, 1)
ehci_opreg_write(0x555559744eb0, 0x41, 0x0, 1)
ehci_port_read(0x555559744eb0, 0x0, 1)
ehci_port_write(0x555559744eb0, 0x0, 0x0, 1)
ehci_caps_read(0x555559744eb0, 0x2, 2)
ehci_caps_write(0x555559744eb0, 0x2, 0x0, 2)
ehci_opreg_read(0x555559744eb0, 0x41, 1)
ehci_opreg_write(0x555559744eb0, 0x41, 0x0, 1)
ehci_port_read(0x555559744eb0, 0x0, 1)
ehci_port_write(0x555559744eb0, 0x0, 0x0, 1)
ehci_caps_read(0x555559744eb0, 0x2, 2)
ehci_caps_write(0x555559744eb0, 0x2, 0x0, 2)
ehci_opreg_read(0x555559744eb0, 0x41, 1)
ehci_opreg_write(0x555559744eb0, 0x41, 0x0, 1)
ehci_port_read(0x555559744eb0, 0x0, 1)
ehci_port_write(0x555559744eb0, 0x0, 0x0, 1)
ehci_caps_read(0x555559744eb0, 0x2, 2)
ehci_caps_write(0x555559744eb0, 0x2, 0x0, 2)
ehci_opreg_read(0x555559744eb0, 0x41, 1)
ehci_opreg_write(0x555559744eb0, 0x41, 0x0, 1)
ehci_port_read(0x555559744eb0, 0x0, 1)
ehci_port_write(0x555559744eb0, 0x0, 0x0, 1)
ehci_caps_read(0x555559744eb0, 0x2, 2)
ehci_caps_write(0x555559744eb0, 0x2, 0x0, 2)
ehci_opreg_read(0x555559744eb0, 0x41, 1)
ehci_opreg_write(0x555559744eb0, 0x41, 0x0, 1)
ehci_port_read(0x555559744eb0, 0x0, 1)
ehci_port_write(0x555559744eb0, 0x0, 0x0, 1)
ehci_caps_read(0x555559744eb0, 0x2, 2)
ehci_caps_write(0x555559744eb0, 0x2, 0x0, 2)
ehci_opreg_read(0x555559744eb0, 0x41, 1)
ehci_opreg_write(0x555559744eb0, 0x41, 0x0, 1)
ehci_port_read(0x555559744eb0, 0x0, 1)
ehci_port_write(0x555559744eb0, 0x0, 0x0, 1)
ehci_caps_read(0x555559744eb0, 0x2, 2)
ehci_caps_write(0x555559744eb0, 0x2, 0x0, 2)
ehci_opreg_read(0x555559744eb0, 0x41, 1)
ehci_opreg_write(0x555559744eb0, 0x41, 0x0, 1)
ehci_port_read(0x555559744eb0, 0x0, 1)
ehci_port_write(0x555559744eb0, 0x0, 0x0, 1)
ehci_caps_read(0x555559744eb0, 0x2, 2)
ehci_caps_write(0x555559744eb0, 0x2, 0x0, 2)
ehci_opreg_read(0x555559744eb0, 0x41, 1)
ehci_opreg_write(0x555559744eb0, 0x41, 0x0, 1)
ehci_port_read(0x555559744eb0, 0x0, 1)
ehci_port_write(0x555559744eb0, 0x0, 0x0, 1)
ehci_caps_read(0x555559744eb0, 0x2, 2)
ehci_caps_write(0x555559744eb0, 0x2, 0x0, 2)
ehci_opreg_read(0x555559744eb0, 0x41, 1)
ehci_opreg_write(0x555559744eb0, 0x41, 0x0, 1)
ehci_port_read(0x555559744eb0, 0x0, 1)
ehci_port_write(0x555559744eb0, 0x0, 0x0, 1)
ehci_caps_read(0x555559744eb0, 0x2, 2)
ehci_caps_write(0x555559744eb0, 0x2, 0x0, 2)
ehci_opreg_read(0x555559744eb0, 0x41, 1)
ehci_opreg_write(0x555559744eb0, 0x41, 0x0, 1)
ehci_port_read(0x555559744eb0, 0x0, 1)
ehci_port_write(0x555559744eb0, 0x0, 0x0, 1)
ehci_caps_read(0x555559744eb0, 0x2, 2)
ehci_caps_write(0x555559744eb0, 0x2, 0x0, 2)
ehci_opreg_read(0x555559744eb0, 0x41, 1)
ehci_opreg_write(0x555559744eb0, 0x41, 0x0, 1)
ehci_port_read(0x555559744eb0, 0x0, 1)
ehci_port_write(0x555559744eb0, 0x0, 0x0, 1)
ehci_caps_read(0x555559744eb0, 0x2, 2)
ehci_caps_write(0x555559744eb0, 0x2, 0x0, 2)
ehci_opreg_read(0x555559744eb0, 0x41, 1)
ehci_opreg_write(0x555559744eb0, 0x41, 0x0, 1)
ehci_port_read(0x555559744eb0, 0x0, 1)
ehci_port_write(0x555559744eb0, 0x0, 0x0, 1)
ehci_caps_read(0x555559744eb0, 0x2, 2)
ehci_caps_write(0x555559744eb0, 0x2, 0x0, 2)
ehci_opreg_read(0x555559744eb0, 0x41, 1)
ehci_opreg_write(0x555559744eb0, 0x41, 0x0, 1)
ehci_port_read(0x555559744eb0, 0x0, 1)
ehci_port_write(0x555559744eb0, 0x0, 0x0, 1)
ehci_caps_read(0x555559744eb0, 0x2, 2)
ehci_caps_write(0x555559744eb0, 0x2, 0x0, 2)
ehci_opreg_read(0x555559744eb0, 0x41, 1)
ehci_opreg_write(0x555559744eb0, 0x41, 0x0, 1)
ehci_port_read(0x555559744eb0, 0x0, 1)
ehci_port_write(0x555559744eb0, 0x0, 0x0, 1)
ehci_caps_read(0x555559744eb0, 0x2, 2)
ehci_caps_write(0x555559744eb0, 0x2, 0x0, 2)
ehci_opreg_read(0x555559744eb0, 0x41, 1)
ehci_opreg_write(0x555559744eb0, 0x41, 0x0, 1)
ehci_port_read(0x555559744eb0, 0x0, 1)
ehci_port_write(0x555559744eb0, 0x0, 0x0, 1)
ehci_caps_read(0x555559744eb0, 0x2, 2)
ehci_caps_write(0x555559744eb0, 0x2, 0x0, 2)
ehci_opreg_read(0x555559744eb0, 0x41, 1)
ehci_opreg_write(0x555559744eb0, 0x41, 0x0, 1)
ehci_port_read(0x555559744eb0, 0x0, 1)
ehci_port_write(0x555559744eb0, 0x0, 0x0, 1)
ehci_caps_read(0x555559744eb0, 0x2, 2)
ehci_caps_write(0x555559744eb0, 0x2, 0x0, 2)
ehci_opreg_read(0x555559744eb0, 0x41, 1)
ehci_opreg_write(0x555559744eb0, 0x41, 0x0, 1)
ehci_port_read(0x555559744eb0, 0x0, 1)
ehci_port_write(0x555559744eb0, 0x0, 0x0, 1)
ehci_caps_read(0x555559744eb0, 0x2, 2)
ehci_caps_write(0x555559744eb0, 0x2, 0x0, 2)
ehci_opreg_read(0x555559744eb0, 0x41, 1)
ehci_opreg_write(0x555559744eb0, 0x41, 0x0, 1)
ehci_port_read(0x555559744eb0, 0x0, 1)
ehci_port_write(0x555559744eb0, 0x0, 0x0, 1)
ehci_caps_read(0x555559744eb0, 0x2, 2)
ehci_caps_write(0x555559744eb0, 0x2, 0x0, 2)
ehci_opreg_read(0x555559744eb0, 0x41, 1)
ehci_opreg_write(0x555559744eb0, 0x41, 0x0, 1)
ehci_port_read(0x555559744eb0, 0x0, 1)
ehci_port_write(0x555559744eb0, 0x0, 0x0, 1)
ehci_caps_read(0x555559744eb0, 0x2, 2)
ehci_caps_write(0x555559744eb0, 0x2, 0x0, 2)
ehci_opreg_read(0x555559744eb0, 0x41, 1)
ehci_opreg_write(0x555559744eb0, 0x41, 0x0, 1)
ehci_port_read(0x555559744eb0, 0x0, 1)
ehci_port_write(0x555559744eb0, 0x0, 0x0, 1)
ehci_caps_read(0x555559744eb0, 0x2, 2)
ehci_caps_write(0x555559744eb0, 0x2, 0x0, 2)
ehci_opreg_read(0x555559744eb0, 0x41, 1)
ehci_opreg_write(0x555559744eb0, 0x41, 0x0, 1)
ehci_port_read(0x555559744eb0, 0x0, 1)
ehci_port_write(0x555559744eb0, 0x0, 0x0, 1)
ehci_caps_read(0x555559744eb0, 0x2, 2)
ehci_caps_write(0x555559744eb0, 0x2, 0x0, 2)
ehci_opreg_read(0x555559744eb0, 0x41, 1)
ehci_opreg_write(0x555559744eb0, 0x41, 0x0, 1)
ehci_port_read(0x555559744eb0, 0x0, 1)
ehci_port_write(0x555559744eb0, 0x0, 0x0, 1)
ehci_caps_read(0x555559744eb0, 0x2, 2)
ehci_caps_write(0x555559744eb0, 0x2, 0x0, 2)
ehci_opreg_read(0x555559744eb0, 0x41, 1)
ehci_opreg_write(0x555559744eb0, 0x41, 0x0, 1)
ehci_port_read(0x555559744eb0, 0x0, 1)
ehci_port_write(0x555559744eb0, 0x0, 0x0, 1)
ehci_caps_read(0x555559744eb0, 0x2, 2)
ehci_caps_write(0x555559744eb0, 0x2, 0x0, 2)
ehci_opreg_read(0x555559744eb0, 0x41, 1)
ehci_opreg_write(0x555559744eb0, 0x41, 0x0, 1)
ehci_port_read(0x555559744eb0, 0x0, 1)
ehci_port_write(0x555559744eb0, 0x0, 0x0, 1)
ehci_caps_read(0x555559744eb0, 0x2, 2)
ehci_caps_write(0x555559744eb0, 0x2, 0x0, 2)
ehci_opreg_read(0x555559744eb0, 0x41, 1)
ehci_opreg_write(0x555559744eb0, 0x41, 0x0, 1)
ehci_port_read(0x555559744eb0, 0x0, 1)
ehci_port_write(0x555559744eb0, 0x0, 0x0, 1)
ehci_caps_read(0x555559744eb0, 0x2, 2)
ehci_caps_write(0x555559744eb0, 0x2, 0x0, 2)
ehci_opreg_read(0x555559744eb0, 0x41, 1)
ehci_opreg_write(0x555559744eb0, 0x41, 0x0, 1)
ehci_port_read(0x555559744eb0, 0x0, 1)
ehci_port_write(0x555559744eb0, 0x0, 0x0, 1)
ehci_caps_read(0x555559744eb0, 0x2, 2)
ehci_caps_write(0x555559744eb0, 0x2, 0x0, 2)
ehci_opreg_read(0x555559744eb0, 0x41, 1)
ehci_opreg_write(0x555559744eb0, 0x41, 0x0, 1)
ehci_port_read(0x555559744eb0, 0x0, 1)
ehci_port_write(0x555559744eb0, 0x0, 0x0, 1)
ehci_caps_read(0x555559744eb0, 0x2, 1)
ehci_caps_write(0x555559744eb0, 0x2, 0x0, 1)
ehci_opreg_read(0x555559744eb0, 0x35, 1)
ehci_opreg_write(0x555559744eb0, 0x35, 0x0, 1)
ehci_port_read(0x555559744eb0, 0x0, 2)
ehci_port_write(0x555559744eb0, 0x0, 0x0, 2)
ehci_caps_read(0x555559744eb0, 0x2, 1)
ehci_caps_write(0x555559744eb0, 0x2, 0x0, 1)
ehci_opreg_read(0x555559744eb0, 0x35, 1)
ehci_opreg_write(0x555559744eb0, 0x35, 0x0, 1)
ehci_port_read(0x555559744eb0, 0x0, 2)
ehci_port_write(0x555559744eb0, 0x0, 0x0, 2)
ehci_caps_read(0x555559744eb0, 0x2, 1)
ehci_caps_write(0x555559744eb0, 0x2, 0x0, 1)
ehci_opreg_read(0x555559744eb0, 0x35, 1)
ehci_opreg_write(0x555559744eb0, 0x35, 0x0, 1)
ehci_port_read(0x555559744eb0, 0x0, 2)
ehci_port_write(0x555559744eb0, 0x0, 0x0, 2)
ehci_caps_read(0x555559744eb0, 0x2, 1)
ehci_caps_write(0x555559744eb0, 0x2, 0x0, 1)
ehci_opreg_read(0x555559744eb0, 0x35, 1)
ehci_opreg_write(0x555559744eb0, 0x35, 0x0, 1)
ehci_port_read(0x555559744eb0, 0x0, 2)
ehci_port_write(0x555559744eb0, 0x0, 0x0, 2)
ehci_caps_read(0x555559744eb0, 0x2, 1)
ehci_caps_write(0x555559744eb0, 0x2, 0x0, 1)
ehci_opreg_read(0x555559744eb0, 0x35, 1)
ehci_opreg_write(0x555559744eb0, 0x35, 0x0, 1)
ehci_port_read(0x555559744eb0, 0x0, 2)
ehci_port_write(0x555559744eb0, 0x0, 0x0, 2)
ehci_caps_read(0x555559744eb0, 0x2, 1)
ehci_caps_write(0x555559744eb0, 0x2, 0x0, 1)
ehci_opreg_read(0x555559744eb0, 0x35, 1)
ehci_opreg_write(0x555559744eb0, 0x35, 0x0, 1)
ehci_port_read(0x555559744eb0, 0x0, 2)
ehci_port_write(0x555559744eb0, 0x0, 0x0, 2)
ehci_caps_read(0x555559744eb0, 0x2, 1)
ehci_caps_write(0x555559744eb0, 0x2, 0x0, 1)
ehci_opreg_read(0x555559744eb0, 0x35, 1)
ehci_opreg_write(0x555559744eb0, 0x35, 0x0, 1)
ehci_port_read(0x555559744eb0, 0x0, 2)
ehci_port_write(0x555559744eb0, 0x0, 0x0, 2)
ehci_caps_read(0x555559744eb0, 0x2, 1)
ehci_caps_write(0x555559744eb0, 0x2, 0x0, 1)
ehci_opreg_read(0x555559744eb0, 0x35, 1)
ehci_opreg_write(0x555559744eb0, 0x35, 0x0, 1)
ehci_port_read(0x555559744eb0, 0x0, 2)
ehci_port_write(0x555559744eb0, 0x0, 0x0, 2)
ehci_caps_read(0x555559744eb0, 0x2, 1)
ehci_caps_write(0x555559744eb0, 0x2, 0x0, 1)
ehci_opreg_read(0x555559744eb0, 0x35, 1)
ehci_opreg_write(0x555559744eb0, 0x35, 0x0, 1)
ehci_port_read(0x555559744eb0, 0x0, 2)
ehci_port_write(0x555559744eb0, 0x0, 0x0, 2)
ehci_caps_read(0x555559744eb0, 0x2, 1)
ehci_caps_write(0x555559744eb0, 0x2, 0x0, 1)
ehci_opreg_read(0x555559744eb0, 0x35, 1)
ehci_opreg_write(0x555559744eb0, 0x35, 0x0, 1)
ehci_port_read(0x555559744eb0, 0x0, 2)
ehci_port_write(0x555559744eb0, 0x0, 0x0, 2)
ehci_caps_read(0x555559744eb0, 0x2, 1)
ehci_caps_write(0x555559744eb0, 0x2, 0x0, 1)
ehci_opreg_read(0x555559744eb0, 0x35, 1)
ehci_opreg_write(0x555559744eb0, 0x35, 0x0, 1)
ehci_port_read(0x555559744eb0, 0x0, 2)
ehci_port_write(0x555559744eb0, 0x0, 0x0, 2)
ehci_caps_read(0x555559744eb0, 0x2, 1)
ehci_caps_write(0x555559744eb0, 0x2, 0x0, 1)
ehci_opreg_read(0x555559744eb0, 0x35, 1)
ehci_opreg_write(0x555559744eb0, 0x35, 0x0, 1)
ehci_port_read(0x555559744eb0, 0x0, 2)
ehci_port_write(0x555559744eb0, 0x0, 0x0, 2)
ehci_caps_read(0x555559744eb0, 0x2, 1)
ehci_caps_write(0x555559744eb0, 0x2, 0x0, 1)
ehci_opreg_read(0x555559744eb0, 0x35, 1)
ehci_opreg_write(0x555559744eb0, 0x35, 0x0, 1)
ehci_port_read(0x555559744eb0, 0x0, 2)
ehci_port_write(0x555559744eb0, 0x0, 0x0, 2)
ehci_caps_read(0x555559744eb0, 0x2, 1)
ehci_caps_write(0x555559744eb0, 0x2, 0x0, 1)
ehci_opreg_read(0x555559744eb0, 0x35, 1)
ehci_opreg_write(0x555559744eb0, 0x35, 0x0, 1)
ehci_port_read(0x555559744eb0, 0x0, 2)
ehci_port_write(0x555559744eb0, 0x0, 0x0, 2)
ehci_caps_read(0x555559744eb0, 0x2, 1)
ehci_caps_write(0x555559744eb0, 0x2, 0x0, 1)
ehci_opreg_read(0x555559744eb0, 0x35, 1)
ehci_opreg_write(0x555559744eb0, 0x35, 0x0, 1)
ehci_port_read(0x555559744eb0, 0x0, 2)
ehci_port_write(0x555559744eb0, 0x0, 0x0, 2)
ehci_caps_read(0x555559744eb0, 0x2, 1)
ehci_caps_write(0x555559744eb0, 0x2, 0x0, 1)
ehci_opreg_read(0x555559744eb0, 0x35, 1)
ehci_opreg_write(0x555559744eb0, 0x35, 0x0, 1)
ehci_port_read(0x555559744eb0, 0x0, 2)
ehci_port_write(0x555559744eb0, 0x0, 0x0, 2)
ehci_caps_read(0x555559744eb0, 0x2, 1)
ehci_caps_write(0x555559744eb0, 0x2, 0x0, 1)
ehci_opreg_read(0x555559744eb0, 0x35, 1)
ehci_opreg_write(0x555559744eb0, 0x35, 0x0, 1)
ehci_port_read(0x555559744eb0, 0x0, 2)
ehci_port_write(0x555559744eb0, 0x0, 0x0, 2)
ehci_caps_read(0x555559744eb0, 0x2, 1)
ehci_caps_write(0x555559744eb0, 0x2, 0x0, 1)
ehci_opreg_read(0x555559744eb0, 0x35, 1)
ehci_opreg_write(0x555559744eb0, 0x35, 0x0, 1)
ehci_port_read(0x555559744eb0, 0x0, 2)
ehci_port_write(0x555559744eb0, 0x0, 0x0, 2)
ehci_caps_read(0x555559744eb0, 0x2, 1)
ehci_caps_write(0x555559744eb0, 0x2, 0x0, 1)
ehci_opreg_read(0x555559744eb0, 0x35, 1)
ehci_opreg_write(0x555559744eb0, 0x35, 0x0, 1)
ehci_port_read(0x555559744eb0, 0x0, 2)
ehci_port_write(0x555559744eb0, 0x0, 0x0, 2)
ehci_caps_read(0x555559744eb0, 0x2, 1)
ehci_caps_write(0x555559744eb0, 0x2, 0x0, 1)
ehci_opreg_read(0x555559744eb0, 0x35, 1)
ehci_opreg_write(0x555559744eb0, 0x35, 0x0, 1)
ehci_port_read(0x555559744eb0, 0x0, 2)
ehci_port_write(0x555559744eb0, 0x0, 0x0, 2)
ehci_caps_read(0x555559744eb0, 0x2, 1)
ehci_caps_write(0x555559744eb0, 0x2, 0x0, 1)
ehci_opreg_read(0x555559744eb0, 0x35, 1)
ehci_opreg_write(0x555559744eb0, 0x35, 0x0, 1)
ehci_port_read(0x555559744eb0, 0x0, 2)
ehci_port_write(0x555559744eb0, 0x0, 0x0, 2)
ehci_caps_read(0x555559744eb0, 0x2, 1)
ehci_caps_write(0x555559744eb0, 0x2, 0x0, 1)
ehci_opreg_read(0x555559744eb0, 0x35, 1)
ehci_opreg_write(0x555559744eb0, 0x35, 0x0, 1)
ehci_port_read(0x555559744eb0, 0x0, 2)
ehci_port_write(0x555559744eb0, 0x0, 0x0, 2)
ehci_caps_read(0x555559744eb0, 0x2, 1)
ehci_caps_write(0x555559744eb0, 0x2, 0x0, 1)
ehci_opreg_read(0x555559744eb0, 0x35, 1)
ehci_opreg_write(0x555559744eb0, 0x35, 0x0, 1)
ehci_port_read(0x555559744eb0, 0x0, 2)
ehci_port_write(0x555559744eb0, 0x0, 0x0, 2)
ehci_caps_read(0x555559744eb0, 0x2, 1)
ehci_caps_write(0x555559744eb0, 0x2, 0x0, 1)
ehci_opreg_read(0x555559744eb0, 0x35, 1)
ehci_opreg_write(0x555559744eb0, 0x35, 0x0, 1)
ehci_port_read(0x555559744eb0, 0x0, 2)
ehci_port_write(0x555559744eb0, 0x0, 0x0, 2)
ehci_caps_read(0x555559744eb0, 0x2, 1)
ehci_caps_write(0x555559744eb0, 0x2, 0x0, 1)
ehci_opreg_read(0x555559744eb0, 0x35, 1)
ehci_opreg_write(0x555559744eb0, 0x35, 0x0, 1)
ehci_port_read(0x555559744eb0, 0x0, 2)
ehci_port_write(0x555559744eb0, 0x0, 0x0, 2)
ehci_caps_read(0x555559744eb0, 0x2, 1)
ehci_caps_write(0x555559744eb0, 0x2, 0x0, 1)
ehci_opreg_read(0x555559744eb0, 0x35, 1)
ehci_opreg_write(0x555559744eb0, 0x35, 0x0, 1)
ehci_port_read(0x555559744eb0, 0x0, 2)
ehci_port_write(0x555559744eb0, 0x0, 0x0, 2)
ehci_caps_read(0x555559744eb0, 0x2, 1)
ehci_caps_write(0x555559744eb0, 0x2, 0x0, 1)
ehci_opreg_read(0x555559744eb0, 0x35, 1)
ehci_opreg_write(0x555559744eb0, 0x35, 0x0, 1)
ehci_port_read(0x555559744eb0, 0x0, 2)
ehci_port_write(0x555559744eb0, 0x0, 0x0, 2)
ehci_caps_read(0x555559744eb0, 0x2, 1)
ehci_caps_write(0x555559744eb0, 0x2, 0x0, 1)
ehci_opreg_read(0x555559744eb0, 0x35, 1)
ehci_opreg_write(0x555559744eb0, 0x35, 0x0, 1)
ehci_port_read(0x555559744eb0, 0x0, 2)
ehci_port_write(0x555559744eb0, 0x0, 0x0, 2)
ehci_caps_read(0x555559744eb0, 0x2, 1)
ehci_caps_write(0x555559744eb0, 0x2, 0x0, 1)
ehci_opreg_read(0x555559744eb0, 0x35, 1)
ehci_opreg_write(0x555559744eb0, 0x35, 0x0, 1)
ehci_port_read(0x555559744eb0, 0x0, 2)
ehci_port_write(0x555559744eb0, 0x0, 0x0, 2)
ehci_caps_read(0x555559744eb0, 0x2, 1)
ehci_caps_write(0x555559744eb0, 0x2, 0x0, 1)
ehci_opreg_read(0x555559744eb0, 0x35, 1)
ehci_opreg_write(0x555559744eb0, 0x35, 0x0, 1)
ehci_port_read(0x555559744eb0, 0x0, 2)
ehci_port_write(0x555559744eb0, 0x0, 0x0, 2)
ehci_caps_read(0x555559744eb0, 0x2, 1)
ehci_caps_write(0x555559744eb0, 0x2, 0x0, 1)
ehci_opreg_read(0x555559744eb0, 0x35, 1)
ehci_opreg_write(0x555559744eb0, 0x35, 0x0, 1)
ehci_port_read(0x555559744eb0, 0x0, 2)
ehci_port_write(0x555559744eb0, 0x0, 0x0, 2)
ehci_caps_read(0x555559744eb0, 0x2, 1)
ehci_caps_write(0x555559744eb0, 0x2, 0x0, 1)
ehci_opreg_read(0x555559744eb0, 0x35, 1)
ehci_opreg_write(0x555559744eb0, 0x35, 0x0, 1)
ehci_port_read(0x555559744eb0, 0x0, 2)
ehci_port_write(0x555559744eb0, 0x0, 0x0, 2)
ehci_caps_read(0x555559744eb0, 0x2, 1)
ehci_caps_write(0x555559744eb0, 0x2, 0x0, 1)
ehci_opreg_read(0x555559744eb0, 0x35, 1)
ehci_opreg_write(0x555559744eb0, 0x35, 0x0, 1)
ehci_port_read(0x555559744eb0, 0x0, 2)
ehci_port_write(0x555559744eb0, 0x0, 0x0, 2)
ehci_caps_read(0x555559744eb0, 0x2, 1)
ehci_caps_write(0x555559744eb0, 0x2, 0x0, 1)
ehci_opreg_read(0x555559744eb0, 0x35, 1)
ehci_opreg_write(0x555559744eb0, 0x35, 0x0, 1)
ehci_port_read(0x555559744eb0, 0x0, 2)
ehci_port_write(0x555559744eb0, 0x0, 0x0, 2)
ehci_caps_read(0x555559744eb0, 0x2, 1)
ehci_caps_write(0x555559744eb0, 0x2, 0x0, 1)
ehci_opreg_read(0x555559744eb0, 0x35, 1)
ehci_opreg_write(0x555559744eb0, 0x35, 0x0, 1)
ehci_port_read(0x555559744eb0, 0x0, 2)
ehci_port_write(0x555559744eb0, 0x0, 0x0, 2)
ehci_caps_read(0x555559744eb0, 0x2, 1)
ehci_caps_write(0x555559744eb0, 0x2, 0x0, 1)
ehci_opreg_read(0x555559744eb0, 0x35, 1)
ehci_opreg_write(0x555559744eb0, 0x35, 0x0, 1)
ehci_port_read(0x555559744eb0, 0x0, 2)
ehci_port_write(0x555559744eb0, 0x0, 0x0, 2)
ehci_caps_read(0x555559744eb0, 0x2, 1)
ehci_caps_write(0x555559744eb0, 0x2, 0x0, 1)
ehci_opreg_read(0x555559744eb0, 0x35, 1)
ehci_opreg_write(0x555559744eb0, 0x35, 0x0, 1)
ehci_port_read(0x555559744eb0, 0x0, 2)
ehci_port_write(0x555559744eb0, 0x0, 0x0, 2)
ehci_caps_read(0x555559744eb0, 0x2, 1)
ehci_caps_write(0x555559744eb0, 0x2, 0x0, 1)
ehci_opreg_read(0x555559744eb0, 0x35, 1)
ehci_opreg_write(0x555559744eb0, 0x35, 0x0, 1)
ehci_port_read(0x555559744eb0, 0x0, 2)
ehci_port_write(0x555559744eb0, 0x0, 0x0, 2)
ehci_caps_read(0x555559744eb0, 0x2, 1)
ehci_caps_write(0x555559744eb0, 0x2, 0x0, 1)
ehci_opreg_read(0x555559744eb0, 0x35, 1)
ehci_opreg_write(0x555559744eb0, 0x35, 0x0, 1)
ehci_port_read(0x555559744eb0, 0x0, 2)
ehci_port_write(0x555559744eb0, 0x0, 0x0, 2)
ehci_caps_read(0x555559744eb0, 0x2, 1)
ehci_caps_write(0x555559744eb0, 0x2, 0x0, 1)
ehci_opreg_read(0x555559744eb0, 0x35, 1)
ehci_opreg_write(0x555559744eb0, 0x35, 0x0, 1)
ehci_port_read(0x555559744eb0, 0x0, 2)
ehci_port_write(0x555559744eb0, 0x0, 0x0, 2)
ehci_caps_read(0x555559744eb0, 0x2, 1)
ehci_caps_write(0x555559744eb0, 0x2, 0x0, 1)
ehci_opreg_read(0x555559744eb0, 0x35, 1)
ehci_opreg_write(0x555559744eb0, 0x35, 0x0, 1)
ehci_port_read(0x555559744eb0, 0x0, 2)
ehci_port_write(0x555559744eb0, 0x0, 0x0, 2)
ehci_caps_read(0x555559744eb0, 0x2, 1)
ehci_caps_write(0x555559744eb0, 0x2, 0x0, 1)
ehci_opreg_read(0x555559744eb0, 0x35, 1)
ehci_opreg_write(0x555559744eb0, 0x35, 0x0, 1)
ehci_port_read(0x555559744eb0, 0x0, 2)
ehci_port_write(0x555559744eb0, 0x0, 0x0, 2)
ehci_caps_read(0x555559744eb0, 0x2, 1)
ehci_caps_write(0x555559744eb0, 0x2, 0x0, 1)
ehci_opreg_read(0x555559744eb0, 0x35, 1)
ehci_opreg_write(0x555559744eb0, 0x35, 0x0, 1)
ehci_port_read(0x555559744eb0, 0x0, 2)
ehci_port_write(0x555559744eb0, 0x0, 0x0, 2)
ehci_caps_read(0x555559744eb0, 0x2, 1)
ehci_caps_write(0x555559744eb0, 0x2, 0x0, 1)
ehci_opreg_read(0x555559744eb0, 0x35, 1)
ehci_opreg_write(0x555559744eb0, 0x35, 0x0, 1)
ehci_port_read(0x555559744eb0, 0x0, 2)
ehci_port_write(0x555559744eb0, 0x0, 0x0, 2)
ehci_caps_read(0x555559744eb0, 0x2, 1)
ehci_caps_write(0x555559744eb0, 0x2, 0x0, 1)
ehci_opreg_read(0x555559744eb0, 0x35, 1)
ehci_opreg_write(0x555559744eb0, 0x35, 0x0, 1)
ehci_port_read(0x555559744eb0, 0x0, 2)
ehci_port_write(0x555559744eb0, 0x0, 0x0, 2)
ehci_caps_read(0x555559744eb0, 0x2, 1)
ehci_caps_write(0x555559744eb0, 0x2, 0x0, 1)
ehci_opreg_read(0x555559744eb0, 0x35, 1)
ehci_opreg_write(0x555559744eb0, 0x35, 0x0, 1)
ehci_port_read(0x555559744eb0, 0x0, 2)
ehci_port_write(0x555559744eb0, 0x0, 0x0, 2)
ehci_caps_read(0x555559744eb0, 0x2, 1)
ehci_caps_write(0x555559744eb0, 0x2, 0x0, 1)
ehci_opreg_read(0x555559744eb0, 0x35, 1)
ehci_opreg_write(0x555559744eb0, 0x35, 0x0, 1)
ehci_port_read(0x555559744eb0, 0x0, 2)
ehci_port_write(0x555559744eb0, 0x0, 0x0, 2)
ehci_caps_read(0x555559744eb0, 0x2, 1)
ehci_caps_write(0x555559744eb0, 0x2, 0x0, 1)
ehci_opreg_read(0x555559744eb0, 0x35, 1)
ehci_opreg_write(0x555559744eb0, 0x35, 0x0, 1)
ehci_port_read(0x555559744eb0, 0x0, 2)
ehci_port_write(0x555559744eb0, 0x0, 0x0, 2)
ehci_caps_read(0x555559744eb0, 0x2, 1)
ehci_caps_write(0x555559744eb0, 0x2, 0x0, 1)
ehci_opreg_read(0x555559744eb0, 0x35, 1)
ehci_opreg_write(0x555559744eb0, 0x35, 0x0, 1)
ehci_port_read(0x555559744eb0, 0x0, 2)
ehci_port_write(0x555559744eb0, 0x0, 0x0, 2)
ehci_caps_read(0x555559744eb0, 0x2, 1)
ehci_caps_write(0x555559744eb0, 0x2, 0x0, 1)
ehci_opreg_read(0x555559744eb0, 0x35, 1)
ehci_opreg_write(0x555559744eb0, 0x35, 0x0, 1)
ehci_port_read(0x555559744eb0, 0x0, 2)
ehci_port_write(0x555559744eb0, 0x0, 0x0, 2)
ehci_caps_read(0x555559744eb0, 0x2, 1)
ehci_caps_write(0x555559744eb0, 0x2, 0x0, 1)
ehci_opreg_read(0x555559744eb0, 0x35, 1)
ehci_opreg_write(0x555559744eb0, 0x35, 0x0, 1)
ehci_port_read(0x555559744eb0, 0x0, 2)
ehci_port_write(0x555559744eb0, 0x0, 0x0, 2)
ehci_caps_read(0x555559744eb0, 0x2, 1)
ehci_caps_write(0x555559744eb0, 0x2, 0x0, 1)
ehci_opreg_read(0x555559744eb0, 0x35, 1)
ehci_opreg_write(0x555559744eb0, 0x35, 0x0, 1)
ehci_port_read(0x555559744eb0, 0x0, 2)
ehci_port_write(0x555559744eb0, 0x0, 0x0, 2)
ehci_caps_read(0x555559744eb0, 0x2, 1)
ehci_caps_write(0x555559744eb0, 0x2, 0x0, 1)
ehci_opreg_read(0x555559744eb0, 0x35, 1)
ehci_opreg_write(0x555559744eb0, 0x35, 0x0, 1)
ehci_port_read(0x555559744eb0, 0x0, 2)
ehci_port_write(0x555559744eb0, 0x0, 0x0, 2)
ehci_caps_read(0x555559744eb0, 0x2, 1)
ehci_caps_write(0x555559744eb0, 0x2, 0x0, 1)
ehci_opreg_read(0x555559744eb0, 0x35, 1)
ehci_opreg_write(0x555559744eb0, 0x35, 0x0, 1)
ehci_port_read(0x555559744eb0, 0x0, 2)
ehci_port_write(0x555559744eb0, 0x0, 0x0, 2)
ehci_caps_read(0x555559744eb0, 0x2, 1)
ehci_caps_write(0x555559744eb0, 0x2, 0x0, 1)
ehci_opreg_read(0x555559744eb0, 0x35, 1)
ehci_opreg_write(0x555559744eb0, 0x35, 0x0, 1)
ehci_port_read(0x555559744eb0, 0x0, 2)
ehci_port_write(0x555559744eb0, 0x0, 0x0, 2)
ehci_caps_read(0x555559744eb0, 0x2, 1)
ehci_caps_write(0x555559744eb0, 0x2, 0x0, 1)
ehci_opreg_read(0x555559744eb0, 0x35, 1)
ehci_opreg_write(0x555559744eb0, 0x35, 0x0, 1)
ehci_port_read(0x555559744eb0, 0x0, 2)
ehci_port_write(0x555559744eb0, 0x0, 0x0, 2)
ehci_caps_read(0x555559744eb0, 0x2, 1)
ehci_caps_write(0x555559744eb0, 0x2, 0x0, 1)
ehci_opreg_read(0x555559744eb0, 0x0, 4)
ehci_opreg_write(0x555559744eb0, 0x0, 0x0, 4)
ehci_port_read(0x555559744eb0, 0x0, 2)
ehci_port_write(0x555559744eb0, 0x0, 0x1, 2)
ehci_caps_read(0x555559744eb0, 0x2, 1)
ehci_caps_write(0x555559744eb0, 0x2, 0x0, 1)
ehci_opreg_read(0x555559744eb0, 0x34, 4)
ehci_opreg_write(0x555559744eb0, 0x34, 0x0, 4)
ehci_port_read(0x555559744eb0, 0x0, 2)
ehci_port_write(0x555559744eb0, 0x0, 0x1, 2)
ehci_caps_read(0x555559744eb0, 0x2, 1)
ehci_caps_write(0x555559744eb0, 0x2, 0x0, 1)
ehci_opreg_read(0x555559744eb0, 0x35, 1)
ehci_opreg_write(0x555559744eb0, 0x35, 0x0, 1)
ehci_port_read(0x555559744eb0, 0x0, 2)
ehci_port_write(0x555559744eb0, 0x0, 0x1, 2)
ehci_caps_read(0x555559744eb0, 0x2, 1)
ehci_caps_write(0x555559744eb0, 0x2, 0x0, 1)
ehci_opreg_read(0x555559744eb0, 0x35, 1)
ehci_opreg_write(0x555559744eb0, 0x35, 0x0, 1)
ehci_port_read(0x555559744eb0, 0x0, 2)
ehci_port_write(0x555559744eb0, 0x0, 0x0, 2)
ehci_caps_read(0x555559744eb0, 0x2, 1)
ehci_caps_write(0x555559744eb0, 0x2, 0x0, 1)
ehci_opreg_read(0x555559744eb0, 0x35, 1)
ehci_opreg_write(0x555559744eb0, 0x35, 0x0, 1)
ehci_port_read(0x555559744eb0, 0x0, 2)
ehci_port_write(0x555559744eb0, 0x0, 0x0, 2)
ehci_caps_read(0x555559744eb0, 0x2, 1)
ehci_caps_write(0x555559744eb0, 0x2, 0x0, 1)
ehci_opreg_read(0x555559744eb0, 0x35, 1)
ehci_opreg_write(0x555559744eb0, 0x35, 0x0, 1)
ehci_port_read(0x555559744eb0, 0x0, 2)
ehci_port_write(0x555559744eb0, 0x0, 0x0, 2)
ehci_caps_read(0x555559744eb0, 0x2, 1)
ehci_caps_write(0x555559744eb0, 0x2, 0x0, 1)
ehci_opreg_read(0x555559744eb0, 0x35, 1)
ehci_opreg_write(0x555559744eb0, 0x35, 0x0, 1)
ehci_port_read(0x555559744eb0, 0x0, 2)
ehci_port_write(0x555559744eb0, 0x0, 0x0, 2)
ehci_caps_read(0x555559744eb0, 0x2, 1)
ehci_caps_write(0x555559744eb0, 0x2, 0x0, 1)
ehci_opreg_read(0x555559744eb0, 0x35, 1)
ehci_opreg_write(0x555559744eb0, 0x35, 0x0, 1)
ehci_port_read(0x555559744eb0, 0x0, 2)
ehci_port_write(0x555559744eb0, 0x0, 0x0, 2)
ehci_caps_read(0x555559744eb0, 0x2, 1)
ehci_caps_write(0x555559744eb0, 0x2, 0x0, 1)
ehci_opreg_read(0x555559744eb0, 0x35, 1)
ehci_opreg_write(0x555559744eb0, 0x35, 0x0, 1)
ehci_port_read(0x555559744eb0, 0x0, 2)
ehci_port_write(0x555559744eb0, 0x0, 0x0, 2)
ehci_caps_read(0x555559744eb0, 0x2, 1)
ehci_caps_write(0x555559744eb0, 0x2, 0x0, 1)
ehci_opreg_read(0x555559744eb0, 0x35, 1)
ehci_opreg_write(0x555559744eb0, 0x35, 0x0, 1)
ehci_port_read(0x555559744eb0, 0x0, 2)
ehci_port_write(0x555559744eb0, 0x0, 0x0, 2)
ehci_caps_read(0x555559744eb0, 0x2, 1)
ehci_caps_write(0x555559744eb0, 0x2, 0x0, 1)
ehci_opreg_read(0x555559744eb0, 0x35, 1)
ehci_opreg_write(0x555559744eb0, 0x35, 0x0, 1)
ehci_port_read(0x555559744eb0, 0x0, 2)
ehci_port_write(0x555559744eb0, 0x0, 0x0, 2)
ehci_caps_read(0x555559744eb0, 0x2, 1)
ehci_caps_write(0x555559744eb0, 0x2, 0x0, 1)
ehci_opreg_read(0x555559744eb0, 0x35, 1)
ehci_opreg_write(0x555559744eb0, 0x35, 0x0, 1)
ehci_port_read(0x555559744eb0, 0x0, 2)
ehci_port_write(0x555559744eb0, 0x0, 0x0, 2)
ehci_caps_read(0x555559744eb0, 0x2, 1)
ehci_caps_write(0x555559744eb0, 0x2, 0x0, 1)
ehci_opreg_read(0x555559744eb0, 0x35, 1)
ehci_opreg_write(0x555559744eb0, 0x35, 0x0, 1)
ehci_port_read(0x555559744eb0, 0x0, 2)
ehci_port_write(0x555559744eb0, 0x0, 0x0, 2)
ehci_caps_read(0x555559744eb0, 0x2, 2)
ehci_caps_write(0x555559744eb0, 0x2, 0x0, 2)
ehci_opreg_read(0x555559744eb0, 0x40, 1)
ehci_opreg_write(0x555559744eb0, 0x40, 0x0, 1)
ehci_port_read(0x555559744eb0, 0x0, 1)
ehci_port_write(0x555559744eb0, 0x0, 0x0, 1)
ehci_caps_read(0x555559744eb0, 0x2, 2)
ehci_caps_write(0x555559744eb0, 0x2, 0x0, 2)
ehci_opreg_read(0x555559744eb0, 0x40, 1)
ehci_opreg_write(0x555559744eb0, 0x40, 0x0, 1)
ehci_port_read(0x555559744eb0, 0x0, 1)
ehci_port_write(0x555559744eb0, 0x0, 0x0, 1)
ehci_caps_read(0x555559744eb0, 0x2, 1)
ehci_caps_write(0x555559744eb0, 0x2, 0x0, 1)
ehci_opreg_read(0x555559744eb0, 0x1, 1)
ehci_opreg_write(0x555559744eb0, 0x1, 0x0, 1)
ehci_port_read(0x555559744eb0, 0x0, 1)
ehci_port_write(0x555559744eb0, 0x0, 0x0, 1)
ehci_caps_read(0x555559744eb0, 0x2, 1)
ehci_caps_write(0x555559744eb0, 0x2, 0x0, 1)
ehci_opreg_read(0x555559744eb0, 0x35, 1)
ehci_opreg_write(0x555559744eb0, 0x35, 0x0, 1)
ehci_port_read(0x555559744eb0, 0x0, 1)
ehci_port_write(0x555559744eb0, 0x0, 0x0, 1)
ehci_caps_read(0x555559744eb0, 0x2, 1)
ehci_caps_write(0x555559744eb0, 0x2, 0x0, 1)
ehci_opreg_read(0x555559744eb0, 0x35, 1)
ehci_opreg_write(0x555559744eb0, 0x35, 0x0, 1)
ehci_port_read(0x555559744eb0, 0x0, 1)
ehci_port_write(0x555559744eb0, 0x0, 0x0, 1)
ehci_caps_read(0x555559744eb0, 0x2, 1)
ehci_caps_write(0x555559744eb0, 0x2, 0x0, 1)
ehci_opreg_read(0x555559744eb0, 0x35, 1)
ehci_opreg_write(0x555559744eb0, 0x35, 0x0, 1)
ehci_port_read(0x555559744eb0, 0x1, 1)
ehci_port_write(0x555559744eb0, 0x1, 0x0, 1)
ehci_caps_read(0x555559744eb0, 0x2, 1)
ehci_caps_write(0x555559744eb0, 0x2, 0x0, 1)
ehci_opreg_read(0x555559744eb0, 0x35, 1)
ehci_opreg_write(0x555559744eb0, 0x35, 0x0, 1)
ehci_port_read(0x555559744eb0, 0x0, 1)
ehci_port_write(0x555559744eb0, 0x0, 0x0, 1)
ehci_caps_read(0x555559744eb0, 0x2, 1)
ehci_caps_write(0x555559744eb0, 0x2, 0x0, 1)
ehci_opreg_read(0x555559744eb0, 0x35, 1)
ehci_opreg_write(0x555559744eb0, 0x35, 0x0, 1)
ehci_port_read(0x555559744eb0, 0x0, 1)
ehci_port_write(0x555559744eb0, 0x0, 0x0, 1)
ehci_caps_read(0x555559744eb0, 0x2, 1)
ehci_caps_write(0x555559744eb0, 0x2, 0x0, 1)
ehci_opreg_read(0x555559744eb0, 0x35, 1)
ehci_opreg_write(0x555559744eb0, 0x35, 0x0, 1)
ehci_port_read(0x555559744eb0, 0x0, 1)
ehci_port_write(0x555559744eb0, 0x0, 0x0, 1)
ehci_caps_read(0x555559744eb0, 0x2, 1)
ehci_caps_write(0x555559744eb0, 0x2, 0x0, 1)
ehci_opreg_read(0x555559744eb0, 0x35, 1)
ehci_opreg_write(0x555559744eb0, 0x35, 0x0, 1)
ehci_port_read(0x555559744eb0, 0x0, 2)
ehci_port_write(0x555559744eb0, 0x0, 0x0, 2)
ehci_caps_read(0x555559744eb0, 0x2, 1)
ehci_caps_write(0x555559744eb0, 0x2, 0x0, 1)
ehci_opreg_read(0x555559744eb0, 0x35, 1)
ehci_opreg_write(0x555559744eb0, 0x35, 0x0, 1)
ehci_port_read(0x555559744eb0, 0x0, 1)
ehci_port_write(0x555559744eb0, 0x0, 0x0, 1)
ehci_caps_read(0x555559744eb0, 0x2, 1)
ehci_caps_write(0x555559744eb0, 0x2, 0x0, 1)
ehci_opreg_read(0x555559744eb0, 0x35, 1)
ehci_opreg_write(0x555559744eb0, 0x35, 0x0, 1)
ehci_port_read(0x555559744eb0, 0x0, 1)
ehci_port_write(0x555559744eb0, 0x0, 0x0, 1)
ehci_caps_read(0x555559744eb0, 0x2, 1)
ehci_caps_write(0x555559744eb0, 0x2, 0x0, 1)
ehci_opreg_read(0x555559744eb0, 0x35, 1)
ehci_opreg_write(0x555559744eb0, 0x35, 0x0, 1)
ehci_port_read(0x555559744eb0, 0x0, 1)
ehci_port_write(0x555559744eb0, 0x0, 0x0, 1)
ehci_caps_read(0x555559744eb0, 0x2, 1)
ehci_caps_write(0x555559744eb0, 0x2, 0x0, 1)
ehci_opreg_read(0x555559744eb0, 0x35, 1)
ehci_opreg_write(0x555559744eb0, 0x35, 0x0, 1)
ehci_port_read(0x555559744eb0, 0x0, 1)
ehci_port_write(0x555559744eb0, 0x0, 0x0, 1)
ehci_caps_read(0x555559744eb0, 0x2, 1)
ehci_caps_write(0x555559744eb0, 0x2, 0x0, 1)
ehci_opreg_read(0x555559744eb0, 0x35, 1)
ehci_opreg_write(0x555559744eb0, 0x35, 0x0, 1)
ehci_port_read(0x555559744eb0, 0x0, 1)
ehci_port_write(0x555559744eb0, 0x0, 0x0, 1)
ehci_caps_read(0x555559744eb0, 0x2, 1)
ehci_caps_write(0x555559744eb0, 0x2, 0x0, 1)
ehci_opreg_read(0x555559744eb0, 0x35, 1)
ehci_opreg_write(0x555559744eb0, 0x35, 0x0, 1)
ehci_port_read(0x555559744eb0, 0x0, 1)
ehci_port_write(0x555559744eb0, 0x0, 0x0, 1)
ehci_caps_read(0x555559744eb0, 0x2, 1)
ehci_caps_write(0x555559744eb0, 0x2, 0x0, 1)
ehci_opreg_read(0x555559744eb0, 0x35, 1)
ehci_opreg_write(0x555559744eb0, 0x35, 0x0, 1)
ehci_port_read(0x555559744eb0, 0x0, 1)
ehci_port_write(0x555559744eb0, 0x0, 0x0, 1)
ehci_caps_read(0x555559744eb0, 0x2, 1)
ehci_caps_write(0x555559744eb0, 0x2, 0x0, 1)
ehci_opreg_read(0x555559744eb0, 0x35, 1)
ehci_opreg_write(0x555559744eb0, 0x35, 0x0, 1)
ehci_port_read(0x555559744eb0, 0x0, 1)
ehci_port_write(0x555559744eb0, 0x0, 0x0, 1)
ehci_caps_read(0x555559744eb0, 0x2, 1)
ehci_caps_write(0x555559744eb0, 0x2, 0x0, 1)
ehci_opreg_read(0x555559744eb0, 0x35, 1)
ehci_opreg_write(0x555559744eb0, 0x35, 0x0, 1)
ehci_port_read(0x555559744eb0, 0x0, 1)
ehci_port_write(0x555559744eb0, 0x0, 0x0, 1)
ehci_caps_read(0x555559744eb0, 0x2, 2)
ehci_caps_write(0x555559744eb0, 0x2, 0x1, 2)
ehci_opreg_read(0x555559744eb0, 0x41, 1)
ehci_opreg_write(0x555559744eb0, 0x41, 0x0, 1)
ehci_port_read(0x555559744eb0, 0xa, 1)
ehci_port_write(0x555559744eb0, 0xa, 0x0, 1)
ehci_caps_read(0x555559744eb0, 0x2, 2)
ehci_caps_write(0x555559744eb0, 0x2, 0x1, 2)
ehci_opreg_read(0x555559744eb0, 0x41, 1)
ehci_opreg_write(0x555559744eb0, 0x41, 0x0, 1)
ehci_port_read(0x555559744eb0, 0xa, 1)
ehci_port_write(0x555559744eb0, 0xa, 0x0, 1)
ehci_caps_read(0x555559744eb0, 0x2, 2)
ehci_caps_write(0x555559744eb0, 0x2, 0x0, 2)
ehci_opreg_read(0x555559744eb0, 0x41, 1)
ehci_opreg_write(0x555559744eb0, 0x41, 0x0, 1)
ehci_port_read(0x555559744eb0, 0xa, 1)
ehci_port_write(0x555559744eb0, 0xa, 0x0, 1)
ehci_caps_read(0x555559744eb0, 0x2, 2)
ehci_caps_write(0x555559744eb0, 0x2, 0x0, 2)
ehci_opreg_read(0x555559744eb0, 0x41, 1)
ehci_opreg_write(0x555559744eb0, 0x41, 0x0, 1)
ehci_port_read(0x555559744eb0, 0xa, 1)
ehci_port_write(0x555559744eb0, 0xa, 0x0, 1)
ehci_caps_read(0x555559744eb0, 0x2, 1)
ehci_caps_write(0x555559744eb0, 0x2, 0x0, 1)
ehci_opreg_read(0x555559744eb0, 0x41, 1)
ehci_opreg_write(0x555559744eb0, 0x41, 0x0, 1)
ehci_port_read(0x555559744eb0, 0xa, 1)
ehci_port_write(0x555559744eb0, 0xa, 0x0, 1)
ehci_caps_read(0x555559744eb0, 0x2, 1)
ehci_caps_write(0x555559744eb0, 0x2, 0x0, 1)
ehci_opreg_read(0x555559744eb0, 0x41, 1)
ehci_opreg_write(0x555559744eb0, 0x41, 0x0, 1)
ehci_port_read(0x555559744eb0, 0xa, 1)
ehci_port_write(0x555559744eb0, 0xa, 0x0, 1)
ehci_caps_read(0x555559744eb0, 0x2, 1)
ehci_caps_write(0x555559744eb0, 0x2, 0x0, 1)
ehci_opreg_read(0x555559744eb0, 0x35, 1)
ehci_opreg_write(0x555559744eb0, 0x35, 0x0, 1)
ehci_port_read(0x555559744eb0, 0xa, 1)
ehci_port_write(0x555559744eb0, 0xa, 0x0, 1)
ehci_caps_read(0x555559744eb0, 0x2, 1)
ehci_caps_write(0x555559744eb0, 0x2, 0x0, 1)
ehci_opreg_read(0x555559744eb0, 0x35, 1)
ehci_opreg_write(0x555559744eb0, 0x35, 0x0, 1)
ehci_port_read(0x555559744eb0, 0xa, 1)
ehci_port_write(0x555559744eb0, 0xa, 0x0, 1)
ehci_caps_read(0x555559744eb0, 0x2, 1)
ehci_caps_write(0x555559744eb0, 0x2, 0x0, 1)
ehci_opreg_read(0x555559744eb0, 0x34, 4)
ehci_opreg_write(0x555559744eb0, 0x34, 0x0, 4)
ehci_port_read(0x555559744eb0, 0x10, 1)
ehci_port_write(0x555559744eb0, 0x10, 0x0, 1)
ehci_caps_read(0x555559744eb0, 0x2, 1)
ehci_caps_write(0x555559744eb0, 0x2, 0x0, 1)
ehci_opreg_read(0x555559744eb0, 0x34, 4)
ehci_opreg_write(0x555559744eb0, 0x34, 0x0, 4)
ehci_port_read(0x555559744eb0, 0x10, 1)
ehci_port_write(0x555559744eb0, 0x10, 0x0, 1)
ehci_caps_read(0x555559744eb0, 0x2, 1)
ehci_caps_write(0x555559744eb0, 0x2, 0x0, 1)
ehci_opreg_read(0x555559744eb0, 0x35, 1)
ehci_opreg_write(0x555559744eb0, 0x35, 0x0, 1)
ehci_port_read(0x555559744eb0, 0x10, 1)
ehci_port_write(0x555559744eb0, 0x10, 0x0, 1)
ehci_caps_read(0x555559744eb0, 0x2, 1)
ehci_caps_write(0x555559744eb0, 0x2, 0x0, 1)
ehci_opreg_read(0x555559744eb0, 0x35, 1)
ehci_opreg_write(0x555559744eb0, 0x35, 0x0, 1)
ehci_port_read(0x555559744eb0, 0x12, 1)
ehci_port_write(0x555559744eb0, 0x12, 0x0, 1)
ehci_caps_read(0x555559744eb0, 0x2, 1)
ehci_caps_write(0x555559744eb0, 0x2, 0x0, 1)
ehci_opreg_read(0x555559744eb0, 0x35, 1)
ehci_opreg_write(0x555559744eb0, 0x35, 0x0, 1)
ehci_port_read(0x555559744eb0, 0x12, 1)
ehci_port_write(0x555559744eb0, 0x12, 0x0, 1)
ehci_caps_read(0x555559744eb0, 0x2, 1)
ehci_caps_write(0x555559744eb0, 0x2, 0x0, 1)
ehci_opreg_read(0x555559744eb0, 0x35, 1)
ehci_opreg_write(0x555559744eb0, 0x35, 0x0, 1)
ehci_port_read(0x555559744eb0, 0x12, 1)
ehci_port_write(0x555559744eb0, 0x12, 0x0, 1)
ehci_caps_read(0x555559744eb0, 0x2, 1)
ehci_caps_write(0x555559744eb0, 0x2, 0x0, 1)
ehci_opreg_read(0x555559744eb0, 0x35, 1)
ehci_opreg_write(0x555559744eb0, 0x35, 0x0, 1)
ehci_port_read(0x555559744eb0, 0x12, 1)
ehci_port_write(0x555559744eb0, 0x12, 0x0, 1)
ehci_caps_read(0x555559744eb0, 0x2, 1)
ehci_caps_write(0x555559744eb0, 0x2, 0x0, 1)
ehci_opreg_read(0x555559744eb0, 0x35, 1)
ehci_opreg_write(0x555559744eb0, 0x35, 0x0, 1)
ehci_port_read(0x555559744eb0, 0x12, 1)
ehci_port_write(0x555559744eb0, 0x12, 0x0, 1)
ehci_caps_read(0x555559744eb0, 0x2, 1)
ehci_caps_write(0x555559744eb0, 0x2, 0x0, 1)
ehci_opreg_read(0x555559744eb0, 0x35, 1)
ehci_opreg_write(0x555559744eb0, 0x35, 0x0, 1)
ehci_port_read(0x555559744eb0, 0x12, 1)
ehci_port_write(0x555559744eb0, 0x12, 0x0, 1)
ehci_caps_read(0x555559744eb0, 0x2, 1)
ehci_caps_write(0x555559744eb0, 0x2, 0x0, 1)
ehci_opreg_read(0x555559744eb0, 0x35, 1)
ehci_opreg_write(0x555559744eb0, 0x35, 0x0, 1)
ehci_port_read(0x555559744eb0, 0x12, 1)
ehci_port_write(0x555559744eb0, 0x12, 0x0, 1)
ehci_caps_read(0x555559744eb0, 0x2, 1)
ehci_caps_write(0x555559744eb0, 0x2, 0x0, 1)
ehci_opreg_read(0x555559744eb0, 0x35, 1)
ehci_opreg_write(0x555559744eb0, 0x35, 0x0, 1)
ehci_port_read(0x555559744eb0, 0x12, 1)
ehci_port_write(0x555559744eb0, 0x12, 0x0, 1)
ehci_caps_read(0x555559744eb0, 0x2, 1)
ehci_caps_write(0x555559744eb0, 0x2, 0x0, 1)
ehci_opreg_read(0x555559744eb0, 0x35, 1)
ehci_opreg_write(0x555559744eb0, 0x35, 0x0, 1)
ehci_port_read(0x555559744eb0, 0x12, 1)
ehci_port_write(0x555559744eb0, 0x12, 0x0, 1)
ehci_caps_read(0x555559744eb0, 0x2, 1)
ehci_caps_write(0x555559744eb0, 0x2, 0x0, 1)
ehci_opreg_read(0x555559744eb0, 0x35, 1)
ehci_opreg_write(0x555559744eb0, 0x35, 0x0, 1)
ehci_port_read(0x555559744eb0, 0x12, 1)
ehci_port_write(0x555559744eb0, 0x12, 0x0, 1)
ehci_caps_read(0x555559744eb0, 0x2, 1)
ehci_caps_write(0x555559744eb0, 0x2, 0x0, 1)
ehci_opreg_read(0x555559744eb0, 0x35, 1)
ehci_opreg_write(0x555559744eb0, 0x35, 0x0, 1)
ehci_port_read(0x555559744eb0, 0x12, 1)
ehci_port_write(0x555559744eb0, 0x12, 0x0, 1)
ehci_caps_read(0x555559744eb0, 0x2, 1)
ehci_caps_write(0x555559744eb0, 0x2, 0x0, 1)
ehci_opreg_read(0x555559744eb0, 0x35, 1)
ehci_opreg_write(0x555559744eb0, 0x35, 0x0, 1)
ehci_port_read(0x555559744eb0, 0x12, 1)
ehci_port_write(0x555559744eb0, 0x12, 0x0, 1)
ehci_caps_read(0x555559744eb0, 0x2, 1)
ehci_caps_write(0x555559744eb0, 0x2, 0x0, 1)
ehci_opreg_read(0x555559744eb0, 0x35, 1)
ehci_opreg_write(0x555559744eb0, 0x35, 0x0, 1)
ehci_port_read(0x555559744eb0, 0x12, 1)
ehci_port_write(0x555559744eb0, 0x12, 0x0, 1)
ehci_caps_read(0x555559744eb0, 0x2, 1)
ehci_caps_write(0x555559744eb0, 0x2, 0x0, 1)
ehci_opreg_read(0x555559744eb0, 0x35, 1)
ehci_opreg_write(0x555559744eb0, 0x35, 0x0, 1)
ehci_port_read(0x555559744eb0, 0x12, 1)
ehci_port_write(0x555559744eb0, 0x12, 0x0, 1)
ehci_caps_read(0x555559744eb0, 0x2, 1)
ehci_caps_write(0x555559744eb0, 0x2, 0x0, 1)
ehci_opreg_read(0x555559744eb0, 0x35, 1)
ehci_opreg_write(0x555559744eb0, 0x35, 0x0, 1)
ehci_port_read(0x555559744eb0, 0x12, 1)
ehci_port_write(0x555559744eb0, 0x12, 0x0, 1)
ehci_caps_read(0x555559744eb0, 0x2, 1)
ehci_caps_write(0x555559744eb0, 0x2, 0x0, 1)
ehci_opreg_read(0x555559744eb0, 0x35, 1)
ehci_opreg_write(0x555559744eb0, 0x35, 0x0, 1)
ehci_port_read(0x555559744eb0, 0x12, 1)
ehci_port_write(0x555559744eb0, 0x12, 0x0, 1)
ehci_caps_read(0x555559744eb0, 0x2, 1)
ehci_caps_write(0x555559744eb0, 0x2, 0x0, 1)
ehci_opreg_read(0x555559744eb0, 0x35, 1)
ehci_opreg_write(0x555559744eb0, 0x35, 0x0, 1)
ehci_port_read(0x555559744eb0, 0x12, 1)
ehci_port_write(0x555559744eb0, 0x12, 0x0, 1)
ehci_caps_read(0x555559744eb0, 0x2, 1)
ehci_caps_write(0x555559744eb0, 0x2, 0x0, 1)
ehci_opreg_read(0x555559744eb0, 0x35, 1)
ehci_opreg_write(0x555559744eb0, 0x35, 0x0, 1)
ehci_port_read(0x555559744eb0, 0x12, 1)
ehci_port_write(0x555559744eb0, 0x12, 0x0, 1)
ehci_caps_read(0x555559744eb0, 0x2, 1)
ehci_caps_write(0x555559744eb0, 0x2, 0x0, 1)
ehci_opreg_read(0x555559744eb0, 0x35, 1)
ehci_opreg_write(0x555559744eb0, 0x35, 0x0, 1)
ehci_port_read(0x555559744eb0, 0x12, 1)
ehci_port_write(0x555559744eb0, 0x12, 0x0, 1)
ehci_caps_read(0x555559744eb0, 0x2, 1)
ehci_caps_write(0x555559744eb0, 0x2, 0x0, 1)
ehci_opreg_read(0x555559744eb0, 0x35, 1)
ehci_opreg_write(0x555559744eb0, 0x35, 0x0, 1)
ehci_port_read(0x555559744eb0, 0x12, 1)
ehci_port_write(0x555559744eb0, 0x12, 0x0, 1)
ehci_caps_read(0x555559744eb0, 0x2, 1)
ehci_caps_write(0x555559744eb0, 0x2, 0x0, 1)
ehci_opreg_read(0x555559744eb0, 0x35, 1)
ehci_opreg_write(0x555559744eb0, 0x35, 0x0, 1)
ehci_port_read(0x555559744eb0, 0x12, 1)
ehci_port_write(0x555559744eb0, 0x12, 0x0, 1)
ehci_caps_read(0x555559744eb0, 0x2, 1)
ehci_caps_write(0x555559744eb0, 0x2, 0x0, 1)
ehci_opreg_read(0x555559744eb0, 0x35, 1)
ehci_opreg_write(0x555559744eb0, 0x35, 0x0, 1)
ehci_port_read(0x555559744eb0, 0x12, 1)
ehci_port_write(0x555559744eb0, 0x12, 0x0, 1)
ehci_caps_read(0x555559744eb0, 0x2, 1)
ehci_caps_write(0x555559744eb0, 0x2, 0x0, 1)
ehci_opreg_read(0x555559744eb0, 0x35, 1)
ehci_opreg_write(0x555559744eb0, 0x35, 0x0, 1)
ehci_port_read(0x555559744eb0, 0x12, 1)
ehci_port_write(0x555559744eb0, 0x12, 0x0, 1)
ehci_caps_read(0x555559744eb0, 0x2, 1)
ehci_caps_write(0x555559744eb0, 0x2, 0x0, 1)
ehci_opreg_read(0x555559744eb0, 0x35, 1)
ehci_opreg_write(0x555559744eb0, 0x35, 0x0, 1)
ehci_port_read(0x555559744eb0, 0x12, 1)
ehci_port_write(0x555559744eb0, 0x12, 0x0, 1)
ehci_caps_read(0x555559744eb0, 0x2, 1)
ehci_caps_write(0x555559744eb0, 0x2, 0x0, 1)
ehci_opreg_read(0x555559744eb0, 0x35, 1)
ehci_opreg_write(0x555559744eb0, 0x35, 0x0, 1)
ehci_port_read(0x555559744eb0, 0x12, 1)
ehci_port_write(0x555559744eb0, 0x12, 0x0, 1)
ehci_caps_read(0x555559744eb0, 0x2, 1)
ehci_caps_write(0x555559744eb0, 0x2, 0x0, 1)
ehci_opreg_read(0x555559744eb0, 0x35, 1)
ehci_opreg_write(0x555559744eb0, 0x35, 0x0, 1)
ehci_port_read(0x555559744eb0, 0x12, 1)
ehci_port_write(0x555559744eb0, 0x12, 0x0, 1)
ehci_caps_read(0x555559744eb0, 0x2, 1)
ehci_caps_write(0x555559744eb0, 0x2, 0x0, 1)
ehci_opreg_read(0x555559744eb0, 0x35, 1)
ehci_opreg_write(0x555559744eb0, 0x35, 0x0, 1)
ehci_port_read(0x555559744eb0, 0x12, 1)
ehci_port_write(0x555559744eb0, 0x12, 0x0, 1)
ehci_caps_read(0x555559744eb0, 0x2, 1)
ehci_caps_write(0x555559744eb0, 0x2, 0x0, 1)
ehci_opreg_read(0x555559744eb0, 0x35, 1)
ehci_opreg_write(0x555559744eb0, 0x35, 0x0, 1)
ehci_port_read(0x555559744eb0, 0x12, 1)
ehci_port_write(0x555559744eb0, 0x12, 0x0, 1)
ehci_caps_read(0x555559744eb0, 0x2, 1)
ehci_caps_write(0x555559744eb0, 0x2, 0x0, 1)
ehci_opreg_read(0x555559744eb0, 0x35, 1)
ehci_opreg_write(0x555559744eb0, 0x35, 0x0, 1)
ehci_port_read(0x555559744eb0, 0x12, 1)
ehci_port_write(0x555559744eb0, 0x12, 0x0, 1)
ehci_caps_read(0x555559744eb0, 0x2, 1)
ehci_caps_write(0x555559744eb0, 0x2, 0x0, 1)
ehci_opreg_read(0x555559744eb0, 0x35, 1)
ehci_opreg_write(0x555559744eb0, 0x35, 0x0, 1)
ehci_port_read(0x555559744eb0, 0x12, 1)
ehci_port_write(0x555559744eb0, 0x12, 0x0, 1)
ehci_caps_read(0x555559744eb0, 0x2, 1)
ehci_caps_write(0x555559744eb0, 0x2, 0x0, 1)
ehci_opreg_read(0x555559744eb0, 0x35, 1)
ehci_opreg_write(0x555559744eb0, 0x35, 0x0, 1)
ehci_port_read(0x555559744eb0, 0x12, 1)
ehci_port_write(0x555559744eb0, 0x12, 0x0, 1)
ehci_caps_read(0x555559744eb0, 0x2, 1)
ehci_caps_write(0x555559744eb0, 0x2, 0x0, 1)
ehci_opreg_read(0x555559744eb0, 0x35, 1)
ehci_opreg_write(0x555559744eb0, 0x35, 0x0, 1)
ehci_port_read(0x555559744eb0, 0x12, 1)
ehci_port_write(0x555559744eb0, 0x12, 0x0, 1)
ehci_caps_read(0x555559744eb0, 0x2, 1)
ehci_caps_write(0x555559744eb0, 0x2, 0x0, 1)
ehci_opreg_read(0x555559744eb0, 0x35, 1)
ehci_opreg_write(0x555559744eb0, 0x35, 0x0, 1)
ehci_port_read(0x555559744eb0, 0x12, 1)
ehci_port_write(0x555559744eb0, 0x12, 0x0, 1)
ehci_caps_read(0x555559744eb0, 0x2, 1)
ehci_caps_write(0x555559744eb0, 0x2, 0x0, 1)
ehci_opreg_read(0x555559744eb0, 0x35, 1)
ehci_opreg_write(0x555559744eb0, 0x35, 0x0, 1)
ehci_port_read(0x555559744eb0, 0x12, 1)
ehci_port_write(0x555559744eb0, 0x12, 0x0, 1)
ehci_caps_read(0x555559744eb0, 0x2, 1)
ehci_caps_write(0x555559744eb0, 0x2, 0x0, 1)
ehci_opreg_read(0x555559744eb0, 0x35, 1)
ehci_opreg_write(0x555559744eb0, 0x35, 0x0, 1)
ehci_port_read(0x555559744eb0, 0x12, 1)
ehci_port_write(0x555559744eb0, 0x12, 0x0, 1)
ehci_caps_read(0x555559744eb0, 0x2, 1)
ehci_caps_write(0x555559744eb0, 0x2, 0x0, 1)
ehci_opreg_read(0x555559744eb0, 0x35, 1)
ehci_opreg_write(0x555559744eb0, 0x35, 0x0, 1)
ehci_port_read(0x555559744eb0, 0x12, 1)
ehci_port_write(0x555559744eb0, 0x12, 0x0, 1)
ehci_caps_read(0x555559744eb0, 0x2, 1)
ehci_caps_write(0x555559744eb0, 0x2, 0x0, 1)
ehci_opreg_read(0x555559744eb0, 0x35, 1)
ehci_opreg_write(0x555559744eb0, 0x35, 0x0, 1)
ehci_port_read(0x555559744eb0, 0x12, 1)
ehci_port_write(0x555559744eb0, 0x12, 0x0, 1)
ehci_caps_read(0x555559744eb0, 0x2, 1)
ehci_caps_write(0x555559744eb0, 0x2, 0x0, 1)
ehci_opreg_read(0x555559744eb0, 0x35, 1)
ehci_opreg_write(0x555559744eb0, 0x35, 0x0, 1)
ehci_port_read(0x555559744eb0, 0x12, 1)
ehci_port_write(0x555559744eb0, 0x12, 0x0, 1)
ehci_caps_read(0x555559744eb0, 0x2, 1)
ehci_caps_write(0x555559744eb0, 0x2, 0x0, 1)
ehci_opreg_read(0x555559744eb0, 0x35, 1)
ehci_opreg_write(0x555559744eb0, 0x35, 0x0, 1)
ehci_port_read(0x555559744eb0, 0x12, 1)
ehci_port_write(0x555559744eb0, 0x12, 0x0, 1)
ehci_caps_read(0x555559744eb0, 0x2, 1)
ehci_caps_write(0x555559744eb0, 0x2, 0x0, 1)
ehci_opreg_read(0x555559744eb0, 0x35, 1)
ehci_opreg_write(0x555559744eb0, 0x35, 0x0, 1)
ehci_port_read(0x555559744eb0, 0x12, 1)
ehci_port_write(0x555559744eb0, 0x12, 0x0, 1)
ehci_caps_read(0x555559744eb0, 0x2, 1)
ehci_caps_write(0x555559744eb0, 0x2, 0x0, 1)
ehci_opreg_read(0x555559744eb0, 0x35, 1)
ehci_opreg_write(0x555559744eb0, 0x35, 0x0, 1)
ehci_port_read(0x555559744eb0, 0x12, 1)
ehci_port_write(0x555559744eb0, 0x12, 0x0, 1)
ehci_caps_read(0x555559744eb0, 0x2, 1)
ehci_caps_write(0x555559744eb0, 0x2, 0x0, 1)
ehci_opreg_read(0x555559744eb0, 0x35, 1)
ehci_opreg_write(0x555559744eb0, 0x35, 0x0, 1)
ehci_port_read(0x555559744eb0, 0x12, 1)
ehci_port_write(0x555559744eb0, 0x12, 0x0, 1)
ehci_caps_read(0x555559744eb0, 0x2, 1)
ehci_caps_write(0x555559744eb0, 0x2, 0x0, 1)
ehci_opreg_read(0x555559744eb0, 0x35, 1)
ehci_opreg_write(0x555559744eb0, 0x35, 0x0, 1)
ehci_port_read(0x555559744eb0, 0x12, 1)
ehci_port_write(0x555559744eb0, 0x12, 0x0, 1)
ehci_caps_read(0x555559744eb0, 0x2, 1)
ehci_caps_write(0x555559744eb0, 0x2, 0x0, 1)
ehci_opreg_read(0x555559744eb0, 0x35, 1)
ehci_opreg_write(0x555559744eb0, 0x35, 0x0, 1)
ehci_port_read(0x555559744eb0, 0x12, 1)
ehci_port_write(0x555559744eb0, 0x12, 0x0, 1)
ehci_caps_read(0x555559744eb0, 0x2, 1)
ehci_caps_write(0x555559744eb0, 0x2, 0x0, 1)
ehci_opreg_read(0x555559744eb0, 0x35, 1)
ehci_opreg_write(0x555559744eb0, 0x35, 0x0, 1)
ehci_port_read(0x555559744eb0, 0x12, 1)
ehci_port_write(0x555559744eb0, 0x12, 0x0, 1)
ehci_caps_read(0x555559744eb0, 0x2, 1)
ehci_caps_write(0x555559744eb0, 0x2, 0x0, 1)
ehci_opreg_read(0x555559744eb0, 0x35, 1)
ehci_opreg_write(0x555559744eb0, 0x35, 0x0, 1)
ehci_port_read(0x555559744eb0, 0x12, 1)
ehci_port_write(0x555559744eb0, 0x12, 0x0, 1)
ehci_caps_read(0x555559744eb0, 0x2, 1)
ehci_caps_write(0x555559744eb0, 0x2, 0x0, 1)
ehci_opreg_read(0x555559744eb0, 0x35, 1)
ehci_opreg_write(0x555559744eb0, 0x35, 0x0, 1)
ehci_port_read(0x555559744eb0, 0x12, 1)
ehci_port_write(0x555559744eb0, 0x12, 0x0, 1)
ehci_caps_read(0x555559744eb0, 0x2, 1)
ehci_caps_write(0x555559744eb0, 0x2, 0x0, 1)
ehci_opreg_read(0x555559744eb0, 0x35, 1)
ehci_opreg_write(0x555559744eb0, 0x35, 0x0, 1)
ehci_port_read(0x555559744eb0, 0x12, 1)
ehci_port_write(0x555559744eb0, 0x12, 0x0, 1)
ehci_caps_read(0x555559744eb0, 0x2, 1)
ehci_caps_write(0x555559744eb0, 0x2, 0x0, 1)
ehci_opreg_read(0x555559744eb0, 0x35, 1)
ehci_opreg_write(0x555559744eb0, 0x35, 0x0, 1)
ehci_port_read(0x555559744eb0, 0x12, 1)
ehci_port_write(0x555559744eb0, 0x12, 0x0, 1)
ehci_caps_read(0x555559744eb0, 0x2, 1)
ehci_caps_write(0x555559744eb0, 0x2, 0x0, 1)
ehci_opreg_read(0x555559744eb0, 0x35, 1)
ehci_opreg_write(0x555559744eb0, 0x35, 0x0, 1)
ehci_port_read(0x555559744eb0, 0x12, 1)
ehci_port_write(0x555559744eb0, 0x12, 0x0, 1)
ehci_caps_read(0x555559744eb0, 0x2, 1)
ehci_caps_write(0x555559744eb0, 0x2, 0x0, 1)
ehci_opreg_read(0x555559744eb0, 0x35, 1)
ehci_opreg_write(0x555559744eb0, 0x35, 0x0, 1)
ehci_port_read(0x555559744eb0, 0x12, 1)
ehci_port_write(0x555559744eb0, 0x12, 0x0, 1)
ehci_caps_read(0x555559744eb0, 0x2, 1)
ehci_caps_write(0x555559744eb0, 0x2, 0x0, 1)
ehci_opreg_read(0x555559744eb0, 0x35, 1)
ehci_opreg_write(0x555559744eb0, 0x35, 0x0, 1)
ehci_port_read(0x555559744eb0, 0x12, 1)
ehci_port_write(0x555559744eb0, 0x12, 0x0, 1)
ehci_caps_read(0x555559744eb0, 0x2, 1)
ehci_caps_write(0x555559744eb0, 0x2, 0x0, 1)
ehci_opreg_read(0x555559744eb0, 0x35, 1)
ehci_opreg_write(0x555559744eb0, 0x35, 0x0, 1)
ehci_port_read(0x555559744eb0, 0x12, 1)
ehci_port_write(0x555559744eb0, 0x12, 0x0, 1)
ehci_caps_read(0x555559744eb0, 0x2, 1)
ehci_caps_write(0x555559744eb0, 0x2, 0x0, 1)
ehci_opreg_read(0x555559744eb0, 0x35, 1)
ehci_opreg_write(0x555559744eb0, 0x35, 0x0, 1)
ehci_port_read(0x555559744eb0, 0x12, 1)
ehci_port_write(0x555559744eb0, 0x12, 0x0, 1)
ehci_caps_read(0x555559744eb0, 0x2, 1)
ehci_caps_write(0x555559744eb0, 0x2, 0x0, 1)
ehci_opreg_read(0x555559744eb0, 0x35, 1)
ehci_opreg_write(0x555559744eb0, 0x35, 0x0, 1)
ehci_port_read(0x555559744eb0, 0x12, 1)
ehci_port_write(0x555559744eb0, 0x12, 0x0, 1)
ehci_caps_read(0x555559744eb0, 0x2, 1)
ehci_caps_write(0x555559744eb0, 0x2, 0x0, 1)
ehci_opreg_read(0x555559744eb0, 0x35, 1)
ehci_opreg_write(0x555559744eb0, 0x35, 0x0, 1)
ehci_port_read(0x555559744eb0, 0x12, 1)
ehci_port_write(0x555559744eb0, 0x12, 0x0, 1)
ehci_caps_read(0x555559744eb0, 0x2, 1)
ehci_caps_write(0x555559744eb0, 0x2, 0x0, 1)
ehci_opreg_read(0x555559744eb0, 0x35, 1)
ehci_opreg_write(0x555559744eb0, 0x35, 0x0, 1)
ehci_port_read(0x555559744eb0, 0x12, 1)
ehci_port_write(0x555559744eb0, 0x12, 0x0, 1)
ehci_caps_read(0x555559744eb0, 0x2, 1)
ehci_caps_write(0x555559744eb0, 0x2, 0x0, 1)
ehci_opreg_read(0x555559744eb0, 0x35, 1)
ehci_opreg_write(0x555559744eb0, 0x35, 0x0, 1)
ehci_port_read(0x555559744eb0, 0x12, 1)
ehci_port_write(0x555559744eb0, 0x12, 0x0, 1)
ehci_caps_read(0x555559744eb0, 0x2, 1)
ehci_caps_write(0x555559744eb0, 0x2, 0x0, 1)
ehci_opreg_read(0x555559744eb0, 0x35, 1)
ehci_opreg_write(0x555559744eb0, 0x35, 0x0, 1)
ehci_port_read(0x555559744eb0, 0x12, 1)
ehci_port_write(0x555559744eb0, 0x12, 0x0, 1)
ehci_caps_read(0x555559744eb0, 0x2, 1)
ehci_caps_write(0x555559744eb0, 0x2, 0x0, 1)
ehci_opreg_read(0x555559744eb0, 0x35, 1)
ehci_opreg_write(0x555559744eb0, 0x35, 0x0, 1)
ehci_port_read(0x555559744eb0, 0x12, 1)
ehci_port_write(0x555559744eb0, 0x12, 0x0, 1)
ehci_caps_read(0x555559744eb0, 0x2, 1)
ehci_caps_write(0x555559744eb0, 0x2, 0x0, 1)
ehci_opreg_read(0x555559744eb0, 0x35, 1)
ehci_opreg_write(0x555559744eb0, 0x35, 0x0, 1)
ehci_port_read(0x555559744eb0, 0x12, 1)
ehci_port_write(0x555559744eb0, 0x12, 0x0, 1)
ehci_caps_read(0x555559744eb0, 0x2, 1)
ehci_caps_write(0x555559744eb0, 0x2, 0x0, 1)
ehci_opreg_read(0x555559744eb0, 0x35, 1)
ehci_opreg_write(0x555559744eb0, 0x35, 0x0, 1)
ehci_port_read(0x555559744eb0, 0x12, 1)
ehci_port_write(0x555559744eb0, 0x12, 0x0, 1)
ehci_caps_read(0x555559744eb0, 0x2, 1)
ehci_caps_write(0x555559744eb0, 0x2, 0x0, 1)
ehci_opreg_read(0x555559744eb0, 0x35, 1)
ehci_opreg_write(0x555559744eb0, 0x35, 0x0, 1)
ehci_port_read(0x555559744eb0, 0x12, 1)
ehci_port_write(0x555559744eb0, 0x12, 0x0, 1)
ehci_caps_read(0x555559744eb0, 0x2, 1)
ehci_caps_write(0x555559744eb0, 0x2, 0x0, 1)
ehci_opreg_read(0x555559744eb0, 0x35, 1)
ehci_opreg_write(0x555559744eb0, 0x35, 0x0, 1)
ehci_port_read(0x555559744eb0, 0x12, 1)
ehci_port_write(0x555559744eb0, 0x12, 0x0, 1)
ehci_caps_read(0x555559744eb0, 0x2, 1)
ehci_caps_write(0x555559744eb0, 0x2, 0x0, 1)
ehci_opreg_read(0x555559744eb0, 0x35, 1)
ehci_opreg_write(0x555559744eb0, 0x35, 0x0, 1)
ehci_port_read(0x555559744eb0, 0x12, 1)
ehci_port_write(0x555559744eb0, 0x12, 0x0, 1)
ehci_caps_read(0x555559744eb0, 0xa, 1)
ehci_caps_write(0x555559744eb0, 0xa, 0x0, 1)
ehci_opreg_read(0x555559744eb0, 0x35, 1)
ehci_opreg_write(0x555559744eb0, 0x35, 0x0, 1)
ehci_port_read(0x555559744eb0, 0x12, 1)
ehci_port_write(0x555559744eb0, 0x12, 0x0, 1)
ehci_caps_read(0x555559744eb0, 0xa, 1)
ehci_caps_write(0x555559744eb0, 0xa, 0x0, 1)
ehci_opreg_read(0x555559744eb0, 0x35, 1)
ehci_opreg_write(0x555559744eb0, 0x35, 0x0, 1)
ehci_port_read(0x555559744eb0, 0x12, 1)
ehci_port_write(0x555559744eb0, 0x12, 0x0, 1)
ehci_caps_read(0x555559744eb0, 0xa, 1)
ehci_caps_write(0x555559744eb0, 0xa, 0x0, 1)
ehci_opreg_read(0x555559744eb0, 0x35, 1)
ehci_opreg_write(0x555559744eb0, 0x35, 0x0, 1)
ehci_port_read(0x555559744eb0, 0x12, 1)
ehci_port_write(0x555559744eb0, 0x12, 0x0, 1)
ehci_caps_read(0x555559744eb0, 0xa, 1)
ehci_caps_write(0x555559744eb0, 0xa, 0x0, 1)
ehci_opreg_read(0x555559744eb0, 0x35, 1)
ehci_opreg_write(0x555559744eb0, 0x35, 0x0, 1)
ehci_port_read(0x555559744eb0, 0x12, 1)
ehci_port_write(0x555559744eb0, 0x12, 0x0, 1)
